{"/Volumes/backup/Antigravity/Pristino/src/agent.ts": {"path":"/Volumes/backup/Antigravity/Pristino/src/agent.ts","statementMap":{"0":{"start":{"line":31,"column":18},"end":{"line":31,"column":null}},"1":{"start":{"line":32,"column":32},"end":{"line":32,"column":null}},"2":{"start":{"line":39,"column":2},"end":{"line":41,"column":null}},"3":{"start":{"line":44,"column":52},"end":{"line":47,"column":null}},"4":{"start":{"line":49,"column":27},"end":{"line":49,"column":null}},"5":{"start":{"line":81,"column":2},"end":{"line":100,"column":null}},"6":{"start":{"line":82,"column":17},"end":{"line":82,"column":null}},"7":{"start":{"line":83,"column":17},"end":{"line":83,"column":null}},"8":{"start":{"line":85,"column":10},"end":{"line":85,"column":38}},"9":{"start":{"line":86,"column":4},"end":{"line":87,"column":null}},"10":{"start":{"line":87,"column":6},"end":{"line":87,"column":null}},"11":{"start":{"line":89,"column":4},"end":{"line":90,"column":null}},"12":{"start":{"line":90,"column":6},"end":{"line":90,"column":null}},"13":{"start":{"line":93,"column":4},"end":{"line":93,"column":null}},"14":{"start":{"line":95,"column":4},"end":{"line":99,"column":null}},"15":{"start":{"line":117,"column":34},"end":{"line":117,"column":null}},"16":{"start":{"line":118,"column":16},"end":{"line":118,"column":null}},"17":{"start":{"line":119,"column":21},"end":{"line":119,"column":null}},"18":{"start":{"line":122,"column":2},"end":{"line":124,"column":null}},"19":{"start":{"line":123,"column":4},"end":{"line":123,"column":null}},"20":{"start":{"line":124,"column":4},"end":{"line":124,"column":null}},"21":{"start":{"line":128,"column":8},"end":{"line":128,"column":42}},"22":{"start":{"line":129,"column":18},"end":{"line":129,"column":38}},"23":{"start":{"line":130,"column":2},"end":{"line":131,"column":null}},"24":{"start":{"line":131,"column":4},"end":{"line":131,"column":null}},"25":{"start":{"line":133,"column":2},"end":{"line":134,"column":null}},"26":{"start":{"line":134,"column":4},"end":{"line":134,"column":null}},"27":{"start":{"line":138,"column":2},"end":{"line":139,"column":null}},"28":{"start":{"line":139,"column":4},"end":{"line":139,"column":null}},"29":{"start":{"line":145,"column":2},"end":{"line":156,"column":null}},"30":{"start":{"line":146,"column":25},"end":{"line":146,"column":75}},"31":{"start":{"line":147,"column":4},"end":{"line":152,"column":null}},"32":{"start":{"line":149,"column":6},"end":{"line":149,"column":null}},"33":{"start":{"line":150,"column":6},"end":{"line":150,"column":null}},"34":{"start":{"line":152,"column":6},"end":{"line":152,"column":null}},"35":{"start":{"line":155,"column":22},"end":{"line":155,"column":null}},"36":{"start":{"line":156,"column":4},"end":{"line":156,"column":null}},"37":{"start":{"line":160,"column":33},"end":{"line":160,"column":76}},"38":{"start":{"line":163,"column":38},"end":{"line":163,"column":null}},"39":{"start":{"line":166,"column":2},"end":{"line":166,"column":null}},"40":{"start":{"line":169,"column":18},"end":{"line":169,"column":53}},"41":{"start":{"line":170,"column":26},"end":{"line":172,"column":null}},"42":{"start":{"line":174,"column":2},"end":{"line":175,"column":null}},"43":{"start":{"line":175,"column":4},"end":{"line":175,"column":null}},"44":{"start":{"line":179,"column":2},"end":{"line":189,"column":null}},"45":{"start":{"line":180,"column":24},"end":{"line":180,"column":57}},"46":{"start":{"line":181,"column":4},"end":{"line":183,"column":null}},"47":{"start":{"line":182,"column":23},"end":{"line":182,"column":null}},"48":{"start":{"line":183,"column":6},"end":{"line":183,"column":null}},"49":{"start":{"line":186,"column":25},"end":{"line":186,"column":55}},"50":{"start":{"line":187,"column":4},"end":{"line":189,"column":null}},"51":{"start":{"line":188,"column":22},"end":{"line":188,"column":null}},"52":{"start":{"line":189,"column":6},"end":{"line":189,"column":null}},"53":{"start":{"line":193,"column":2},"end":{"line":205,"column":null}},"54":{"start":{"line":194,"column":20},"end":{"line":194,"column":81}},"55":{"start":{"line":195,"column":4},"end":{"line":200,"column":null}},"56":{"start":{"line":196,"column":29},"end":{"line":199,"column":9}},"57":{"start":{"line":202,"column":4},"end":{"line":202,"column":null}},"58":{"start":{"line":205,"column":4},"end":{"line":205,"column":null}},"59":{"start":{"line":210,"column":8},"end":{"line":210,"column":102}},"60":{"start":{"line":211,"column":26},"end":{"line":211,"column":43}},"61":{"start":{"line":212,"column":8},"end":{"line":212,"column":71}},"62":{"start":{"line":213,"column":2},"end":{"line":213,"column":null}},"63":{"start":{"line":215,"column":2},"end":{"line":215,"column":null}},"64":{"start":{"line":218,"column":26},"end":{"line":218,"column":null}},"65":{"start":{"line":219,"column":6},"end":{"line":219,"column":52}},"66":{"start":{"line":222,"column":2},"end":{"line":224,"column":null}},"67":{"start":{"line":223,"column":20},"end":{"line":223,"column":49}},"68":{"start":{"line":224,"column":4},"end":{"line":224,"column":null}},"69":{"start":{"line":224,"column":32},"end":{"line":224,"column":60}},"70":{"start":{"line":228,"column":2},"end":{"line":314,"column":null}},"71":{"start":{"line":229,"column":4},"end":{"line":294,"column":null}},"72":{"start":{"line":229,"column":17},"end":{"line":229,"column":20}},"73":{"start":{"line":230,"column":6},"end":{"line":230,"column":null}},"74":{"start":{"line":231,"column":23},"end":{"line":231,"column":54}},"75":{"start":{"line":232,"column":6},"end":{"line":236,"column":null}},"76":{"start":{"line":239,"column":6},"end":{"line":253,"column":null}},"77":{"start":{"line":240,"column":21},"end":{"line":240,"column":null}},"78":{"start":{"line":243,"column":14},"end":{"line":243,"column":43}},"79":{"start":{"line":244,"column":8},"end":{"line":245,"column":null}},"80":{"start":{"line":245,"column":10},"end":{"line":245,"column":null}},"81":{"start":{"line":249,"column":8},"end":{"line":250,"column":null}},"82":{"start":{"line":250,"column":10},"end":{"line":250,"column":null}},"83":{"start":{"line":252,"column":8},"end":{"line":252,"column":null}},"84":{"start":{"line":253,"column":8},"end":{"line":253,"column":null}},"85":{"start":{"line":257,"column":6},"end":{"line":261,"column":null}},"86":{"start":{"line":264,"column":33},"end":{"line":264,"column":85}},"87":{"start":{"line":265,"column":6},"end":{"line":269,"column":null}},"88":{"start":{"line":266,"column":8},"end":{"line":269,"column":null}},"89":{"start":{"line":273,"column":6},"end":{"line":273,"column":null}},"90":{"start":{"line":274,"column":6},"end":{"line":294,"column":null}},"91":{"start":{"line":275,"column":44},"end":{"line":275,"column":46}},"92":{"start":{"line":276,"column":8},"end":{"line":282,"column":null}},"93":{"start":{"line":277,"column":10},"end":{"line":277,"column":null}},"94":{"start":{"line":279,"column":10},"end":{"line":282,"column":null}},"95":{"start":{"line":285,"column":8},"end":{"line":285,"column":null}},"96":{"start":{"line":286,"column":23},"end":{"line":286,"column":70}},"97":{"start":{"line":287,"column":8},"end":{"line":287,"column":null}},"98":{"start":{"line":289,"column":8},"end":{"line":294,"column":null}},"99":{"start":{"line":299,"column":21},"end":{"line":299,"column":null}},"100":{"start":{"line":300,"column":4},"end":{"line":301,"column":null}},"101":{"start":{"line":301,"column":6},"end":{"line":301,"column":null}},"102":{"start":{"line":303,"column":4},"end":{"line":303,"column":null}},"103":{"start":{"line":307,"column":19},"end":{"line":307,"column":67}},"104":{"start":{"line":308,"column":4},"end":{"line":310,"column":null}},"105":{"start":{"line":309,"column":6},"end":{"line":309,"column":null}},"106":{"start":{"line":310,"column":6},"end":{"line":310,"column":null}},"107":{"start":{"line":313,"column":4},"end":{"line":313,"column":null}},"108":{"start":{"line":314,"column":4},"end":{"line":314,"column":null}}},"fnMap":{"0":{"name":"initDelegation","decl":{"start":{"line":80,"column":16},"end":{"line":80,"column":31}},"loc":{"start":{"line":80,"column":54},"end":{"line":100,"column":null}},"line":80},"1":{"name":"(anonymous_1)","decl":{"start":{"line":81,"column":23},"end":{"line":81,"column":30}},"loc":{"start":{"line":81,"column":39},"end":{"line":100,"column":null}},"line":81},"2":{"name":"runAgent","decl":{"start":{"line":111,"column":22},"end":{"line":111,"column":null}},"loc":{"start":{"line":116,"column":19},"end":{"line":314,"column":null}},"line":116},"3":{"name":"(anonymous_3)","decl":{"start":{"line":196,"column":17},"end":{"line":196,"column":22}},"loc":{"start":{"line":196,"column":29},"end":{"line":199,"column":9}},"line":196},"4":{"name":"(anonymous_4)","decl":{"start":{"line":224,"column":18},"end":{"line":224,"column":26}},"loc":{"start":{"line":224,"column":32},"end":{"line":224,"column":60}},"line":224}},"branchMap":{"0":{"loc":{"start":{"line":82,"column":17},"end":{"line":82,"column":null}},"type":"cond-expr","locations":[{"start":{"line":82,"column":55},"end":{"line":82,"column":73}},{"start":{"line":82,"column":73},"end":{"line":82,"column":null}}],"line":82},"1":{"loc":{"start":{"line":83,"column":17},"end":{"line":83,"column":null}},"type":"cond-expr","locations":[{"start":{"line":83,"column":49},"end":{"line":83,"column":61}},{"start":{"line":83,"column":61},"end":{"line":83,"column":null}}],"line":83},"2":{"loc":{"start":{"line":86,"column":4},"end":{"line":87,"column":null}},"type":"if","locations":[{"start":{"line":86,"column":4},"end":{"line":87,"column":null}},{"start":{},"end":{}}],"line":86},"3":{"loc":{"start":{"line":89,"column":4},"end":{"line":90,"column":null}},"type":"if","locations":[{"start":{"line":89,"column":4},"end":{"line":90,"column":null}},{"start":{},"end":{}}],"line":89},"4":{"loc":{"start":{"line":115,"column":2},"end":{"line":115,"column":26}},"type":"default-arg","locations":[{"start":{"line":115,"column":24},"end":{"line":115,"column":26}}],"line":115},"5":{"loc":{"start":{"line":118,"column":16},"end":{"line":118,"column":null}},"type":"binary-expr","locations":[{"start":{"line":118,"column":16},"end":{"line":118,"column":33}},{"start":{"line":118,"column":33},"end":{"line":118,"column":null}}],"line":118},"6":{"loc":{"start":{"line":122,"column":2},"end":{"line":124,"column":null}},"type":"if","locations":[{"start":{"line":122,"column":2},"end":{"line":124,"column":null}},{"start":{},"end":{}}],"line":122},"7":{"loc":{"start":{"line":130,"column":2},"end":{"line":131,"column":null}},"type":"if","locations":[{"start":{"line":130,"column":2},"end":{"line":131,"column":null}},{"start":{},"end":{}}],"line":130},"8":{"loc":{"start":{"line":133,"column":2},"end":{"line":134,"column":null}},"type":"if","locations":[{"start":{"line":133,"column":2},"end":{"line":134,"column":null}},{"start":{},"end":{}}],"line":133},"9":{"loc":{"start":{"line":138,"column":2},"end":{"line":139,"column":null}},"type":"if","locations":[{"start":{"line":138,"column":2},"end":{"line":139,"column":null}},{"start":{},"end":{}}],"line":138},"10":{"loc":{"start":{"line":145,"column":2},"end":{"line":156,"column":null}},"type":"if","locations":[{"start":{"line":145,"column":2},"end":{"line":156,"column":null}},{"start":{"line":154,"column":9},"end":{"line":156,"column":null}}],"line":145},"11":{"loc":{"start":{"line":145,"column":6},"end":{"line":145,"column":75}},"type":"binary-expr","locations":[{"start":{"line":145,"column":6},"end":{"line":145,"column":21}},{"start":{"line":145,"column":21},"end":{"line":145,"column":46}},{"start":{"line":145,"column":46},"end":{"line":145,"column":75}}],"line":145},"12":{"loc":{"start":{"line":147,"column":4},"end":{"line":152,"column":null}},"type":"if","locations":[{"start":{"line":147,"column":4},"end":{"line":152,"column":null}},{"start":{"line":151,"column":11},"end":{"line":152,"column":null}}],"line":147},"13":{"loc":{"start":{"line":155,"column":22},"end":{"line":155,"column":null}},"type":"binary-expr","locations":[{"start":{"line":155,"column":22},"end":{"line":155,"column":46}},{"start":{"line":155,"column":46},"end":{"line":155,"column":null}}],"line":155},"14":{"loc":{"start":{"line":170,"column":26},"end":{"line":172,"column":null}},"type":"cond-expr","locations":[{"start":{"line":171,"column":6},"end":{"line":171,"column":null}},{"start":{"line":172,"column":6},"end":{"line":172,"column":null}}],"line":170},"15":{"loc":{"start":{"line":172,"column":6},"end":{"line":172,"column":null}},"type":"binary-expr","locations":[{"start":{"line":172,"column":6},"end":{"line":172,"column":37}},{"start":{"line":172,"column":37},"end":{"line":172,"column":null}}],"line":172},"16":{"loc":{"start":{"line":174,"column":2},"end":{"line":175,"column":null}},"type":"if","locations":[{"start":{"line":174,"column":2},"end":{"line":175,"column":null}},{"start":{},"end":{}}],"line":174},"17":{"loc":{"start":{"line":179,"column":2},"end":{"line":189,"column":null}},"type":"if","locations":[{"start":{"line":179,"column":2},"end":{"line":189,"column":null}},{"start":{},"end":{}}],"line":179},"18":{"loc":{"start":{"line":181,"column":4},"end":{"line":183,"column":null}},"type":"if","locations":[{"start":{"line":181,"column":4},"end":{"line":183,"column":null}},{"start":{},"end":{}}],"line":181},"19":{"loc":{"start":{"line":187,"column":4},"end":{"line":189,"column":null}},"type":"if","locations":[{"start":{"line":187,"column":4},"end":{"line":189,"column":null}},{"start":{},"end":{}}],"line":187},"20":{"loc":{"start":{"line":193,"column":2},"end":{"line":205,"column":null}},"type":"if","locations":[{"start":{"line":193,"column":2},"end":{"line":205,"column":null}},{"start":{"line":203,"column":9},"end":{"line":205,"column":null}}],"line":193},"21":{"loc":{"start":{"line":222,"column":2},"end":{"line":224,"column":null}},"type":"if","locations":[{"start":{"line":222,"column":2},"end":{"line":224,"column":null}},{"start":{},"end":{}}],"line":222},"22":{"loc":{"start":{"line":222,"column":6},"end":{"line":222,"column":42}},"type":"binary-expr","locations":[{"start":{"line":222,"column":6},"end":{"line":222,"column":20}},{"start":{"line":222,"column":20},"end":{"line":222,"column":42}}],"line":222},"23":{"loc":{"start":{"line":235,"column":23},"end":{"line":235,"column":null}},"type":"binary-expr","locations":[{"start":{"line":235,"column":23},"end":{"line":235,"column":53}},{"start":{"line":235,"column":53},"end":{"line":235,"column":null}}],"line":235},"24":{"loc":{"start":{"line":239,"column":6},"end":{"line":253,"column":null}},"type":"if","locations":[{"start":{"line":239,"column":6},"end":{"line":253,"column":null}},{"start":{},"end":{}}],"line":239},"25":{"loc":{"start":{"line":239,"column":10},"end":{"line":239,"column":66}},"type":"binary-expr","locations":[{"start":{"line":239,"column":10},"end":{"line":239,"column":33}},{"start":{"line":239,"column":33},"end":{"line":239,"column":66}}],"line":239},"26":{"loc":{"start":{"line":240,"column":21},"end":{"line":240,"column":null}},"type":"binary-expr","locations":[{"start":{"line":240,"column":21},"end":{"line":240,"column":41}},{"start":{"line":240,"column":41},"end":{"line":240,"column":null}}],"line":240},"27":{"loc":{"start":{"line":244,"column":8},"end":{"line":245,"column":null}},"type":"if","locations":[{"start":{"line":244,"column":8},"end":{"line":245,"column":null}},{"start":{},"end":{}}],"line":244},"28":{"loc":{"start":{"line":249,"column":8},"end":{"line":250,"column":null}},"type":"if","locations":[{"start":{"line":249,"column":8},"end":{"line":250,"column":null}},{"start":{},"end":{}}],"line":249},"29":{"loc":{"start":{"line":265,"column":6},"end":{"line":269,"column":null}},"type":"if","locations":[{"start":{"line":265,"column":6},"end":{"line":269,"column":null}},{"start":{},"end":{}}],"line":265},"30":{"loc":{"start":{"line":300,"column":4},"end":{"line":301,"column":null}},"type":"if","locations":[{"start":{"line":300,"column":4},"end":{"line":301,"column":null}},{"start":{},"end":{}}],"line":300},"31":{"loc":{"start":{"line":307,"column":19},"end":{"line":307,"column":67}},"type":"cond-expr","locations":[{"start":{"line":307,"column":42},"end":{"line":307,"column":56}},{"start":{"line":307,"column":56},"end":{"line":307,"column":67}}],"line":307},"32":{"loc":{"start":{"line":308,"column":4},"end":{"line":310,"column":null}},"type":"if","locations":[{"start":{"line":308,"column":4},"end":{"line":310,"column":null}},{"start":{},"end":{}}],"line":308}},"s":{"0":3,"1":3,"2":3,"3":3,"4":3,"5":3,"6":2,"7":2,"8":2,"9":2,"10":1,"11":1,"12":1,"13":0,"14":0,"15":32,"16":32,"17":32,"18":32,"19":9,"20":9,"21":23,"22":23,"23":23,"24":0,"25":23,"26":0,"27":23,"28":15,"29":23,"30":0,"31":0,"32":0,"33":0,"34":0,"35":23,"36":23,"37":23,"38":23,"39":23,"40":23,"41":23,"42":32,"43":8,"44":23,"45":15,"46":15,"47":0,"48":0,"49":15,"50":15,"51":0,"52":0,"53":23,"54":15,"55":15,"56":0,"57":15,"58":8,"59":23,"60":23,"61":23,"62":23,"63":23,"64":23,"65":23,"66":23,"67":2,"68":2,"69":0,"70":23,"71":23,"72":23,"73":31,"74":31,"75":28,"76":31,"77":20,"78":20,"79":20,"80":0,"81":20,"82":12,"83":20,"84":20,"85":8,"86":8,"87":8,"88":0,"89":8,"90":8,"91":10,"92":10,"93":10,"94":0,"95":10,"96":10,"97":10,"98":10,"99":0,"100":0,"101":0,"102":0,"103":3,"104":3,"105":2,"106":2,"107":1,"108":1},"f":{"0":3,"1":2,"2":32,"3":0,"4":0},"b":{"0":[2,0],"1":[2,0],"2":[1,1],"3":[1,0],"4":[32],"5":[32,13],"6":[9,23],"7":[0,23],"8":[0,23],"9":[15,8],"10":[0,23],"11":[23,15,15],"12":[0,0],"13":[23,21],"14":[0,23],"15":[23,15],"16":[8,24],"17":[15,8],"18":[0,15],"19":[0,15],"20":[15,8],"21":[2,21],"22":[23,8],"23":[28,20],"24":[20,11],"25":[31,28],"26":[20,0],"27":[0,20],"28":[12,8],"29":[0,8],"30":[0,0],"31":[3,0],"32":[2,1]},"meta":{"lastBranch":33,"lastFunction":5,"lastStatement":109,"seen":{"s:31:18:31:Infinity":0,"s:32:32:32:Infinity":1,"s:39:2:41:Infinity":2,"s:44:52:47:Infinity":3,"s:49:27:49:Infinity":4,"f:80:16:80:31":0,"s:81:2:100:Infinity":5,"f:81:23:81:30":1,"s:82:17:82:Infinity":6,"b:82:55:82:73:82:73:82:Infinity":0,"s:83:17:83:Infinity":7,"b:83:49:83:61:83:61:83:Infinity":1,"s:85:10:85:38":8,"b:86:4:87:Infinity:undefined:undefined:undefined:undefined":2,"s:86:4:87:Infinity":9,"s:87:6:87:Infinity":10,"b:89:4:90:Infinity:undefined:undefined:undefined:undefined":3,"s:89:4:90:Infinity":11,"s:90:6:90:Infinity":12,"s:93:4:93:Infinity":13,"s:95:4:99:Infinity":14,"f:111:22:111:Infinity":2,"b:115:24:115:26":4,"s:117:34:117:Infinity":15,"s:118:16:118:Infinity":16,"b:118:16:118:33:118:33:118:Infinity":5,"s:119:21:119:Infinity":17,"b:122:2:124:Infinity:undefined:undefined:undefined:undefined":6,"s:122:2:124:Infinity":18,"s:123:4:123:Infinity":19,"s:124:4:124:Infinity":20,"s:128:8:128:42":21,"s:129:18:129:38":22,"b:130:2:131:Infinity:undefined:undefined:undefined:undefined":7,"s:130:2:131:Infinity":23,"s:131:4:131:Infinity":24,"b:133:2:134:Infinity:undefined:undefined:undefined:undefined":8,"s:133:2:134:Infinity":25,"s:134:4:134:Infinity":26,"b:138:2:139:Infinity:undefined:undefined:undefined:undefined":9,"s:138:2:139:Infinity":27,"s:139:4:139:Infinity":28,"b:145:2:156:Infinity:154:9:156:Infinity":10,"s:145:2:156:Infinity":29,"b:145:6:145:21:145:21:145:46:145:46:145:75":11,"s:146:25:146:75":30,"b:147:4:152:Infinity:151:11:152:Infinity":12,"s:147:4:152:Infinity":31,"s:149:6:149:Infinity":32,"s:150:6:150:Infinity":33,"s:152:6:152:Infinity":34,"s:155:22:155:Infinity":35,"b:155:22:155:46:155:46:155:Infinity":13,"s:156:4:156:Infinity":36,"s:160:33:160:76":37,"s:163:38:163:Infinity":38,"s:166:2:166:Infinity":39,"s:169:18:169:53":40,"s:170:26:172:Infinity":41,"b:171:6:171:Infinity:172:6:172:Infinity":14,"b:172:6:172:37:172:37:172:Infinity":15,"b:174:2:175:Infinity:undefined:undefined:undefined:undefined":16,"s:174:2:175:Infinity":42,"s:175:4:175:Infinity":43,"b:179:2:189:Infinity:undefined:undefined:undefined:undefined":17,"s:179:2:189:Infinity":44,"s:180:24:180:57":45,"b:181:4:183:Infinity:undefined:undefined:undefined:undefined":18,"s:181:4:183:Infinity":46,"s:182:23:182:Infinity":47,"s:183:6:183:Infinity":48,"s:186:25:186:55":49,"b:187:4:189:Infinity:undefined:undefined:undefined:undefined":19,"s:187:4:189:Infinity":50,"s:188:22:188:Infinity":51,"s:189:6:189:Infinity":52,"b:193:2:205:Infinity:203:9:205:Infinity":20,"s:193:2:205:Infinity":53,"s:194:20:194:81":54,"s:195:4:200:Infinity":55,"f:196:17:196:22":3,"s:196:29:199:9":56,"s:202:4:202:Infinity":57,"s:205:4:205:Infinity":58,"s:210:8:210:102":59,"s:211:26:211:43":60,"s:212:8:212:71":61,"s:213:2:213:Infinity":62,"s:215:2:215:Infinity":63,"s:218:26:218:Infinity":64,"s:219:6:219:52":65,"b:222:2:224:Infinity:undefined:undefined:undefined:undefined":21,"s:222:2:224:Infinity":66,"b:222:6:222:20:222:20:222:42":22,"s:223:20:223:49":67,"s:224:4:224:Infinity":68,"f:224:18:224:26":4,"s:224:32:224:60":69,"s:228:2:314:Infinity":70,"s:229:4:294:Infinity":71,"s:229:17:229:20":72,"s:230:6:230:Infinity":73,"s:231:23:231:54":74,"s:232:6:236:Infinity":75,"b:235:23:235:53:235:53:235:Infinity":23,"b:239:6:253:Infinity:undefined:undefined:undefined:undefined":24,"s:239:6:253:Infinity":76,"b:239:10:239:33:239:33:239:66":25,"s:240:21:240:Infinity":77,"b:240:21:240:41:240:41:240:Infinity":26,"s:243:14:243:43":78,"b:244:8:245:Infinity:undefined:undefined:undefined:undefined":27,"s:244:8:245:Infinity":79,"s:245:10:245:Infinity":80,"b:249:8:250:Infinity:undefined:undefined:undefined:undefined":28,"s:249:8:250:Infinity":81,"s:250:10:250:Infinity":82,"s:252:8:252:Infinity":83,"s:253:8:253:Infinity":84,"s:257:6:261:Infinity":85,"s:264:33:264:85":86,"b:265:6:269:Infinity:undefined:undefined:undefined:undefined":29,"s:265:6:269:Infinity":87,"s:266:8:269:Infinity":88,"s:273:6:273:Infinity":89,"s:274:6:294:Infinity":90,"s:275:44:275:46":91,"s:276:8:282:Infinity":92,"s:277:10:277:Infinity":93,"s:279:10:282:Infinity":94,"s:285:8:285:Infinity":95,"s:286:23:286:70":96,"s:287:8:287:Infinity":97,"s:289:8:294:Infinity":98,"s:299:21:299:Infinity":99,"b:300:4:301:Infinity:undefined:undefined:undefined:undefined":30,"s:300:4:301:Infinity":100,"s:301:6:301:Infinity":101,"s:303:4:303:Infinity":102,"s:307:19:307:67":103,"b:307:42:307:56:307:56:307:67":31,"b:308:4:310:Infinity:undefined:undefined:undefined:undefined":32,"s:308:4:310:Infinity":104,"s:309:6:309:Infinity":105,"s:310:6:310:Infinity":106,"s:313:4:313:Infinity":107,"s:314:4:314:Infinity":108}}}
,"/Volumes/backup/Antigravity/Pristino/src/audio.ts": {"path":"/Volumes/backup/Antigravity/Pristino/src/audio.ts","statementMap":{"0":{"start":{"line":22,"column":20},"end":{"line":22,"column":30}},"1":{"start":{"line":23,"column":2},"end":{"line":23,"column":null}},"2":{"start":{"line":25,"column":19},"end":{"line":25,"column":40}},"3":{"start":{"line":26,"column":2},"end":{"line":28,"column":null}},"4":{"start":{"line":27,"column":4},"end":{"line":27,"column":null}},"5":{"start":{"line":28,"column":4},"end":{"line":28,"column":null}},"6":{"start":{"line":31,"column":24},"end":{"line":31,"column":75}},"7":{"start":{"line":32,"column":2},"end":{"line":33,"column":null}},"8":{"start":{"line":33,"column":4},"end":{"line":33,"column":null}},"9":{"start":{"line":36,"column":15},"end":{"line":36,"column":36}},"10":{"start":{"line":37,"column":2},"end":{"line":38,"column":null}},"11":{"start":{"line":38,"column":4},"end":{"line":38,"column":null}},"12":{"start":{"line":42,"column":15},"end":{"line":42,"column":72}},"13":{"start":{"line":43,"column":2},"end":{"line":43,"column":null}},"14":{"start":{"line":45,"column":15},"end":{"line":45,"column":47}},"15":{"start":{"line":47,"column":2},"end":{"line":75,"column":null}},"16":{"start":{"line":48,"column":26},"end":{"line":55,"column":6}},"17":{"start":{"line":57,"column":20},"end":{"line":57,"column":null}},"18":{"start":{"line":58,"column":17},"end":{"line":58,"column":42}},"19":{"start":{"line":60,"column":4},"end":{"line":62,"column":null}},"20":{"start":{"line":61,"column":6},"end":{"line":61,"column":null}},"21":{"start":{"line":62,"column":6},"end":{"line":62,"column":null}},"22":{"start":{"line":65,"column":4},"end":{"line":68,"column":null}},"23":{"start":{"line":70,"column":4},"end":{"line":70,"column":null}},"24":{"start":{"line":73,"column":16},"end":{"line":73,"column":70}},"25":{"start":{"line":74,"column":4},"end":{"line":74,"column":null}},"26":{"start":{"line":75,"column":4},"end":{"line":75,"column":null}}},"fnMap":{"0":{"name":"transcribeAudio","decl":{"start":{"line":18,"column":22},"end":{"line":18,"column":null}},"loc":{"start":{"line":21,"column":19},"end":{"line":75,"column":null}},"line":21}},"branchMap":{"0":{"loc":{"start":{"line":26,"column":2},"end":{"line":28,"column":null}},"type":"if","locations":[{"start":{"line":26,"column":2},"end":{"line":28,"column":null}},{"start":{},"end":{}}],"line":26},"1":{"loc":{"start":{"line":31,"column":31},"end":{"line":31,"column":75}},"type":"binary-expr","locations":[{"start":{"line":31,"column":31},"end":{"line":31,"column":69}},{"start":{"line":31,"column":73},"end":{"line":31,"column":75}}],"line":31},"2":{"loc":{"start":{"line":32,"column":2},"end":{"line":33,"column":null}},"type":"if","locations":[{"start":{"line":32,"column":2},"end":{"line":33,"column":null}},{"start":{},"end":{}}],"line":32},"3":{"loc":{"start":{"line":37,"column":2},"end":{"line":38,"column":null}},"type":"if","locations":[{"start":{"line":37,"column":2},"end":{"line":38,"column":null}},{"start":{},"end":{}}],"line":37},"4":{"loc":{"start":{"line":60,"column":4},"end":{"line":62,"column":null}},"type":"if","locations":[{"start":{"line":60,"column":4},"end":{"line":62,"column":null}},{"start":{},"end":{}}],"line":60},"5":{"loc":{"start":{"line":73,"column":16},"end":{"line":73,"column":70}},"type":"cond-expr","locations":[{"start":{"line":73,"column":41},"end":{"line":73,"column":57}},{"start":{"line":73,"column":57},"end":{"line":73,"column":70}}],"line":73}},"s":{"0":17,"1":17,"2":17,"3":17,"4":2,"5":2,"6":15,"7":17,"8":1,"9":14,"10":14,"11":1,"12":13,"13":13,"14":13,"15":13,"16":13,"17":10,"18":10,"19":10,"20":1,"21":1,"22":9,"23":9,"24":3,"25":3,"26":3},"f":{"0":17},"b":{"0":[2,15],"1":[15,0],"2":[1,16],"3":[1,13],"4":[1,9],"5":[3,0]},"meta":{"lastBranch":6,"lastFunction":1,"lastStatement":27,"seen":{"f:18:22:18:Infinity":0,"s:22:20:22:30":0,"s:23:2:23:Infinity":1,"s:25:19:25:40":2,"b:26:2:28:Infinity:undefined:undefined:undefined:undefined":0,"s:26:2:28:Infinity":3,"s:27:4:27:Infinity":4,"s:28:4:28:Infinity":5,"s:31:24:31:75":6,"b:31:31:31:69:31:73:31:75":1,"b:32:2:33:Infinity:undefined:undefined:undefined:undefined":2,"s:32:2:33:Infinity":7,"s:33:4:33:Infinity":8,"s:36:15:36:36":9,"b:37:2:38:Infinity:undefined:undefined:undefined:undefined":3,"s:37:2:38:Infinity":10,"s:38:4:38:Infinity":11,"s:42:15:42:72":12,"s:43:2:43:Infinity":13,"s:45:15:45:47":14,"s:47:2:75:Infinity":15,"s:48:26:55:6":16,"s:57:20:57:Infinity":17,"s:58:17:58:42":18,"b:60:4:62:Infinity:undefined:undefined:undefined:undefined":4,"s:60:4:62:Infinity":19,"s:61:6:61:Infinity":20,"s:62:6:62:Infinity":21,"s:65:4:68:Infinity":22,"s:70:4:70:Infinity":23,"s:73:16:73:70":24,"b:73:41:73:57:73:57:73:70":5,"s:74:4:74:Infinity":25,"s:75:4:75:Infinity":26}}}
,"/Volumes/backup/Antigravity/Pristino/src/bot.ts": {"path":"/Volumes/backup/Antigravity/Pristino/src/bot.ts","statementMap":{"0":{"start":{"line":22,"column":25},"end":{"line":22,"column":null}},"1":{"start":{"line":29,"column":14},"end":{"line":29,"column":59}},"2":{"start":{"line":30,"column":14},"end":{"line":30,"column":null}},"3":{"start":{"line":33,"column":8},"end":{"line":38,"column":null}},"4":{"start":{"line":33,"column":41},"end":{"line":38,"column":null}},"5":{"start":{"line":44,"column":2},"end":{"line":50,"column":null}},"6":{"start":{"line":45,"column":20},"end":{"line":45,"column":null}},"7":{"start":{"line":47,"column":4},"end":{"line":50,"column":null}},"8":{"start":{"line":48,"column":6},"end":{"line":50,"column":null}},"9":{"start":{"line":49,"column":8},"end":{"line":49,"column":null}},"10":{"start":{"line":59,"column":2},"end":{"line":79,"column":null}},"11":{"start":{"line":60,"column":19},"end":{"line":60,"column":null}},"12":{"start":{"line":61,"column":4},"end":{"line":67,"column":null}},"13":{"start":{"line":69,"column":4},"end":{"line":75,"column":null}},"14":{"start":{"line":70,"column":6},"end":{"line":73,"column":null}},"15":{"start":{"line":75,"column":6},"end":{"line":75,"column":null}},"16":{"start":{"line":77,"column":4},"end":{"line":77,"column":null}},"17":{"start":{"line":78,"column":4},"end":{"line":78,"column":null}},"18":{"start":{"line":82,"column":2},"end":{"line":238,"column":null}},"19":{"start":{"line":83,"column":19},"end":{"line":83,"column":null}},"20":{"start":{"line":84,"column":15},"end":{"line":84,"column":null}},"21":{"start":{"line":85,"column":38},"end":{"line":85,"column":null}},"22":{"start":{"line":90,"column":16},"end":{"line":90,"column":null}},"23":{"start":{"line":91,"column":4},"end":{"line":99,"column":null}},"24":{"start":{"line":98,"column":6},"end":{"line":98,"column":null}},"25":{"start":{"line":98,"column":88},"end":{"line":98,"column":169}},"26":{"start":{"line":99,"column":6},"end":{"line":99,"column":null}},"27":{"start":{"line":105,"column":21},"end":{"line":105,"column":null}},"28":{"start":{"line":106,"column":4},"end":{"line":178,"column":null}},"29":{"start":{"line":107,"column":6},"end":{"line":178,"column":null}},"30":{"start":{"line":108,"column":9},"end":{"line":135,"column":null}},"31":{"start":{"line":109,"column":32},"end":{"line":109,"column":87}},"32":{"start":{"line":110,"column":11},"end":{"line":110,"column":null}},"33":{"start":{"line":112,"column":24},"end":{"line":112,"column":43}},"34":{"start":{"line":113,"column":11},"end":{"line":131,"column":null}},"35":{"start":{"line":114,"column":25},"end":{"line":114,"column":null}},"36":{"start":{"line":115,"column":32},"end":{"line":115,"column":98}},"37":{"start":{"line":118,"column":20},"end":{"line":118,"column":83}},"38":{"start":{"line":119,"column":14},"end":{"line":120,"column":null}},"39":{"start":{"line":120,"column":16},"end":{"line":120,"column":null}},"40":{"start":{"line":122,"column":14},"end":{"line":127,"column":null}},"41":{"start":{"line":131,"column":13},"end":{"line":131,"column":null}},"42":{"start":{"line":134,"column":13},"end":{"line":134,"column":null}},"43":{"start":{"line":135,"column":13},"end":{"line":135,"column":null}},"44":{"start":{"line":138,"column":15},"end":{"line":178,"column":null}},"45":{"start":{"line":139,"column":23},"end":{"line":139,"column":null}},"46":{"start":{"line":140,"column":25},"end":{"line":140,"column":null}},"47":{"start":{"line":141,"column":9},"end":{"line":154,"column":null}},"48":{"start":{"line":142,"column":25},"end":{"line":142,"column":61}},"49":{"start":{"line":143,"column":12},"end":{"line":149,"column":null}},"50":{"start":{"line":144,"column":14},"end":{"line":144,"column":null}},"51":{"start":{"line":146,"column":26},"end":{"line":146,"column":null}},"52":{"start":{"line":147,"column":14},"end":{"line":149,"column":null}},"53":{"start":{"line":154,"column":12},"end":{"line":154,"column":null}},"54":{"start":{"line":157,"column":15},"end":{"line":178,"column":null}},"55":{"start":{"line":158,"column":22},"end":{"line":158,"column":null}},"56":{"start":{"line":159,"column":22},"end":{"line":159,"column":null}},"57":{"start":{"line":160,"column":25},"end":{"line":160,"column":null}},"58":{"start":{"line":161,"column":9},"end":{"line":174,"column":null}},"59":{"start":{"line":162,"column":25},"end":{"line":162,"column":76}},"60":{"start":{"line":163,"column":12},"end":{"line":169,"column":null}},"61":{"start":{"line":164,"column":14},"end":{"line":164,"column":null}},"62":{"start":{"line":166,"column":26},"end":{"line":166,"column":null}},"63":{"start":{"line":167,"column":14},"end":{"line":169,"column":null}},"64":{"start":{"line":174,"column":12},"end":{"line":174,"column":null}},"65":{"start":{"line":177,"column":15},"end":{"line":178,"column":null}},"66":{"start":{"line":177,"column":38},"end":{"line":177,"column":null}},"67":{"start":{"line":178,"column":11},"end":{"line":178,"column":null}},"68":{"start":{"line":182,"column":4},"end":{"line":184,"column":null}},"69":{"start":{"line":184,"column":6},"end":{"line":184,"column":null}},"70":{"start":{"line":189,"column":4},"end":{"line":189,"column":null}},"71":{"start":{"line":190,"column":19},"end":{"line":198,"column":null}},"72":{"start":{"line":193,"column":8},"end":{"line":193,"column":78}},"73":{"start":{"line":193,"column":25},"end":{"line":193,"column":59}},"74":{"start":{"line":196,"column":6},"end":{"line":196,"column":null}},"75":{"start":{"line":197,"column":6},"end":{"line":197,"column":null}},"76":{"start":{"line":200,"column":4},"end":{"line":200,"column":null}},"77":{"start":{"line":204,"column":29},"end":{"line":222,"column":null}},"78":{"start":{"line":205,"column":6},"end":{"line":205,"column":null}},"79":{"start":{"line":206,"column":6},"end":{"line":222,"column":null}},"80":{"start":{"line":206,"column":19},"end":{"line":206,"column":22}},"81":{"start":{"line":207,"column":22},"end":{"line":207,"column":null}},"82":{"start":{"line":208,"column":8},"end":{"line":222,"column":null}},"83":{"start":{"line":209,"column":10},"end":{"line":212,"column":null}},"84":{"start":{"line":210,"column":13},"end":{"line":210,"column":null}},"85":{"start":{"line":212,"column":13},"end":{"line":212,"column":null}},"86":{"start":{"line":214,"column":10},"end":{"line":214,"column":null}},"87":{"start":{"line":216,"column":28},"end":{"line":216,"column":null}},"88":{"start":{"line":217,"column":13},"end":{"line":217,"column":null}},"89":{"start":{"line":219,"column":13},"end":{"line":222,"column":null}},"90":{"start":{"line":220,"column":16},"end":{"line":220,"column":null}},"91":{"start":{"line":221,"column":22},"end":{"line":221,"column":51}},"92":{"start":{"line":222,"column":16},"end":{"line":222,"column":null}},"93":{"start":{"line":229,"column":10},"end":{"line":229,"column":51}},"94":{"start":{"line":230,"column":10},"end":{"line":230,"column":50}},"95":{"start":{"line":233,"column":4},"end":{"line":234,"column":null}},"96":{"start":{"line":234,"column":6},"end":{"line":234,"column":null}},"97":{"start":{"line":237,"column":4},"end":{"line":237,"column":null}},"98":{"start":{"line":242,"column":2},"end":{"line":245,"column":null}},"99":{"start":{"line":243,"column":4},"end":{"line":243,"column":null}},"100":{"start":{"line":244,"column":4},"end":{"line":244,"column":null}},"101":{"start":{"line":247,"column":2},"end":{"line":247,"column":null}}},"fnMap":{"0":{"name":"createBot","decl":{"start":{"line":28,"column":16},"end":{"line":28,"column":26}},"loc":{"start":{"line":28,"column":54},"end":{"line":247,"column":null}},"line":28},"1":{"name":"(anonymous_1)","decl":{"start":{"line":33,"column":8},"end":{"line":33,"column":41}},"loc":{"start":{"line":33,"column":41},"end":{"line":38,"column":null}},"line":33},"2":{"name":"(anonymous_2)","decl":{"start":{"line":44,"column":10},"end":{"line":44,"column":30}},"loc":{"start":{"line":44,"column":50},"end":{"line":50,"column":null}},"line":44},"3":{"name":"(anonymous_3)","decl":{"start":{"line":48,"column":67},"end":{"line":48,"column":73}},"loc":{"start":{"line":48,"column":80},"end":{"line":50,"column":null}},"line":48},"4":{"name":"(anonymous_4)","decl":{"start":{"line":59,"column":10},"end":{"line":59,"column":17}},"loc":{"start":{"line":59,"column":31},"end":{"line":79,"column":null}},"line":59},"5":{"name":"(anonymous_5)","decl":{"start":{"line":82,"column":20},"end":{"line":82,"column":27}},"loc":{"start":{"line":82,"column":35},"end":{"line":238,"column":null}},"line":82},"6":{"name":"(anonymous_6)","decl":{"start":{"line":98,"column":76},"end":{"line":98,"column":83}},"loc":{"start":{"line":98,"column":88},"end":{"line":98,"column":169}},"line":98},"7":{"name":"(anonymous_7)","decl":{"start":{"line":184,"column":136},"end":{"line":184,"column":148}},"loc":{"start":{"line":184,"column":148},"end":{"line":184,"column":151}},"line":184},"8":{"name":"(anonymous_8)","decl":{"start":{"line":192,"column":10},"end":{"line":192,"column":27}},"loc":{"start":{"line":193,"column":8},"end":{"line":193,"column":78}},"line":193},"9":{"name":"(anonymous_9)","decl":{"start":{"line":193,"column":8},"end":{"line":193,"column":25}},"loc":{"start":{"line":193,"column":25},"end":{"line":193,"column":59}},"line":193},"10":{"name":"(anonymous_10)","decl":{"start":{"line":195,"column":7},"end":{"line":195,"column":14}},"loc":{"start":{"line":195,"column":22},"end":{"line":198,"column":null}},"line":195},"11":{"name":"(anonymous_11)","decl":{"start":{"line":204,"column":29},"end":{"line":204,"column":36}},"loc":{"start":{"line":204,"column":78},"end":{"line":222,"column":null}},"line":204},"12":{"name":"(anonymous_12)","decl":{"start":{"line":234,"column":61},"end":{"line":234,"column":73}},"loc":{"start":{"line":234,"column":73},"end":{"line":234,"column":76}},"line":234},"13":{"name":"(anonymous_13)","decl":{"start":{"line":242,"column":6},"end":{"line":242,"column":13}},"loc":{"start":{"line":242,"column":21},"end":{"line":245,"column":null}},"line":242},"14":{"name":"(anonymous_14)","decl":{"start":{"line":244,"column":58},"end":{"line":244,"column":70}},"loc":{"start":{"line":244,"column":70},"end":{"line":244,"column":73}},"line":244}},"branchMap":{"0":{"loc":{"start":{"line":37,"column":15},"end":{"line":37,"column":null}},"type":"binary-expr","locations":[{"start":{"line":37,"column":15},"end":{"line":37,"column":36}},{"start":{"line":37,"column":36},"end":{"line":37,"column":null}}],"line":37},"1":{"loc":{"start":{"line":69,"column":4},"end":{"line":75,"column":null}},"type":"if","locations":[{"start":{"line":69,"column":4},"end":{"line":75,"column":null}},{"start":{},"end":{}}],"line":69},"2":{"loc":{"start":{"line":69,"column":8},"end":{"line":69,"column":66}},"type":"binary-expr","locations":[{"start":{"line":69,"column":8},"end":{"line":69,"column":19}},{"start":{"line":69,"column":19},"end":{"line":69,"column":66}}],"line":69},"3":{"loc":{"start":{"line":84,"column":15},"end":{"line":84,"column":null}},"type":"binary-expr","locations":[{"start":{"line":84,"column":15},"end":{"line":84,"column":35}},{"start":{"line":84,"column":35},"end":{"line":84,"column":58}},{"start":{"line":84,"column":58},"end":{"line":84,"column":null}}],"line":84},"4":{"loc":{"start":{"line":91,"column":4},"end":{"line":99,"column":null}},"type":"if","locations":[{"start":{"line":91,"column":4},"end":{"line":99,"column":null}},{"start":{},"end":{}}],"line":91},"5":{"loc":{"start":{"line":91,"column":8},"end":{"line":97,"column":63}},"type":"binary-expr","locations":[{"start":{"line":91,"column":8},"end":{"line":91,"column":35}},{"start":{"line":91,"column":35},"end":{"line":91,"column":61}},{"start":{"line":91,"column":61},"end":{"line":91,"column":null}},{"start":{"line":92,"column":11},"end":{"line":92,"column":39}},{"start":{"line":92,"column":39},"end":{"line":92,"column":null}},{"start":{"line":93,"column":11},"end":{"line":93,"column":null}},{"start":{"line":94,"column":11},"end":{"line":94,"column":35}},{"start":{"line":94,"column":35},"end":{"line":94,"column":null}},{"start":{"line":95,"column":11},"end":{"line":95,"column":33}},{"start":{"line":95,"column":33},"end":{"line":95,"column":55}},{"start":{"line":95,"column":55},"end":{"line":95,"column":null}},{"start":{"line":96,"column":11},"end":{"line":96,"column":37}},{"start":{"line":96,"column":37},"end":{"line":96,"column":null}},{"start":{"line":97,"column":11},"end":{"line":97,"column":37}},{"start":{"line":97,"column":37},"end":{"line":97,"column":63}}],"line":91},"6":{"loc":{"start":{"line":98,"column":88},"end":{"line":98,"column":169}},"type":"binary-expr","locations":[{"start":{"line":98,"column":88},"end":{"line":98,"column":121}},{"start":{"line":98,"column":121},"end":{"line":98,"column":169}}],"line":98},"7":{"loc":{"start":{"line":105,"column":24},"end":{"line":105,"column":null}},"type":"binary-expr","locations":[{"start":{"line":105,"column":24},"end":{"line":105,"column":45}},{"start":{"line":105,"column":45},"end":{"line":105,"column":66}},{"start":{"line":105,"column":66},"end":{"line":105,"column":87}},{"start":{"line":105,"column":87},"end":{"line":105,"column":111}},{"start":{"line":105,"column":111},"end":{"line":105,"column":null}}],"line":105},"8":{"loc":{"start":{"line":106,"column":4},"end":{"line":178,"column":null}},"type":"if","locations":[{"start":{"line":106,"column":4},"end":{"line":178,"column":null}},{"start":{},"end":{}}],"line":106},"9":{"loc":{"start":{"line":107,"column":6},"end":{"line":178,"column":null}},"type":"if","locations":[{"start":{"line":107,"column":6},"end":{"line":178,"column":null}},{"start":{"line":138,"column":15},"end":{"line":178,"column":null}}],"line":107},"10":{"loc":{"start":{"line":107,"column":10},"end":{"line":107,"column":50}},"type":"binary-expr","locations":[{"start":{"line":107,"column":10},"end":{"line":107,"column":31}},{"start":{"line":107,"column":31},"end":{"line":107,"column":50}}],"line":107},"11":{"loc":{"start":{"line":113,"column":11},"end":{"line":131,"column":null}},"type":"if","locations":[{"start":{"line":113,"column":11},"end":{"line":131,"column":null}},{"start":{"line":130,"column":18},"end":{"line":131,"column":null}}],"line":113},"12":{"loc":{"start":{"line":118,"column":46},"end":{"line":118,"column":83}},"type":"binary-expr","locations":[{"start":{"line":118,"column":46},"end":{"line":118,"column":60}},{"start":{"line":118,"column":60},"end":{"line":118,"column":83}}],"line":118},"13":{"loc":{"start":{"line":119,"column":14},"end":{"line":120,"column":null}},"type":"if","locations":[{"start":{"line":119,"column":14},"end":{"line":120,"column":null}},{"start":{},"end":{}}],"line":119},"14":{"loc":{"start":{"line":138,"column":15},"end":{"line":178,"column":null}},"type":"if","locations":[{"start":{"line":138,"column":15},"end":{"line":178,"column":null}},{"start":{"line":157,"column":15},"end":{"line":178,"column":null}}],"line":138},"15":{"loc":{"start":{"line":140,"column":25},"end":{"line":140,"column":null}},"type":"binary-expr","locations":[{"start":{"line":140,"column":25},"end":{"line":140,"column":48}},{"start":{"line":140,"column":48},"end":{"line":140,"column":null}}],"line":140},"16":{"loc":{"start":{"line":143,"column":12},"end":{"line":149,"column":null}},"type":"if","locations":[{"start":{"line":143,"column":12},"end":{"line":149,"column":null}},{"start":{"line":145,"column":19},"end":{"line":149,"column":null}}],"line":143},"17":{"loc":{"start":{"line":148,"column":30},"end":{"line":148,"column":null}},"type":"cond-expr","locations":[{"start":{"line":148,"column":40},"end":{"line":148,"column":68}},{"start":{"line":148,"column":68},"end":{"line":148,"column":null}}],"line":148},"18":{"loc":{"start":{"line":157,"column":15},"end":{"line":178,"column":null}},"type":"if","locations":[{"start":{"line":157,"column":15},"end":{"line":178,"column":null}},{"start":{"line":177,"column":15},"end":{"line":178,"column":null}}],"line":157},"19":{"loc":{"start":{"line":158,"column":22},"end":{"line":158,"column":null}},"type":"binary-expr","locations":[{"start":{"line":158,"column":22},"end":{"line":158,"column":56}},{"start":{"line":158,"column":56},"end":{"line":158,"column":null}}],"line":158},"20":{"loc":{"start":{"line":159,"column":22},"end":{"line":159,"column":null}},"type":"binary-expr","locations":[{"start":{"line":159,"column":22},"end":{"line":159,"column":56}},{"start":{"line":159,"column":56},"end":{"line":159,"column":null}}],"line":159},"21":{"loc":{"start":{"line":160,"column":25},"end":{"line":160,"column":null}},"type":"binary-expr","locations":[{"start":{"line":160,"column":25},"end":{"line":160,"column":48}},{"start":{"line":160,"column":48},"end":{"line":160,"column":null}}],"line":160},"22":{"loc":{"start":{"line":163,"column":12},"end":{"line":169,"column":null}},"type":"if","locations":[{"start":{"line":163,"column":12},"end":{"line":169,"column":null}},{"start":{"line":165,"column":19},"end":{"line":169,"column":null}}],"line":163},"23":{"loc":{"start":{"line":168,"column":53},"end":{"line":168,"column":null}},"type":"cond-expr","locations":[{"start":{"line":168,"column":63},"end":{"line":168,"column":88}},{"start":{"line":168,"column":88},"end":{"line":168,"column":null}}],"line":168},"24":{"loc":{"start":{"line":177,"column":15},"end":{"line":178,"column":null}},"type":"if","locations":[{"start":{"line":177,"column":15},"end":{"line":178,"column":null}},{"start":{"line":178,"column":11},"end":{"line":178,"column":null}}],"line":177},"25":{"loc":{"start":{"line":182,"column":4},"end":{"line":184,"column":null}},"type":"if","locations":[{"start":{"line":182,"column":4},"end":{"line":184,"column":null}},{"start":{},"end":{}}],"line":182},"26":{"loc":{"start":{"line":196,"column":73},"end":{"line":196,"column":93}},"type":"binary-expr","locations":[{"start":{"line":196,"column":73},"end":{"line":196,"column":88}},{"start":{"line":196,"column":88},"end":{"line":196,"column":93}}],"line":196},"27":{"loc":{"start":{"line":204,"column":59},"end":{"line":204,"column":78}},"type":"default-arg","locations":[{"start":{"line":204,"column":69},"end":{"line":204,"column":78}}],"line":204},"28":{"loc":{"start":{"line":209,"column":10},"end":{"line":212,"column":null}},"type":"if","locations":[{"start":{"line":209,"column":10},"end":{"line":212,"column":null}},{"start":{"line":211,"column":17},"end":{"line":212,"column":null}}],"line":209},"29":{"loc":{"start":{"line":219,"column":13},"end":{"line":222,"column":null}},"type":"if","locations":[{"start":{"line":219,"column":13},"end":{"line":222,"column":null}},{"start":{},"end":{}}],"line":219},"30":{"loc":{"start":{"line":219,"column":17},"end":{"line":219,"column":81}},"type":"binary-expr","locations":[{"start":{"line":219,"column":17},"end":{"line":219,"column":28}},{"start":{"line":219,"column":28},"end":{"line":219,"column":81}}],"line":219},"31":{"loc":{"start":{"line":233,"column":4},"end":{"line":234,"column":null}},"type":"if","locations":[{"start":{"line":233,"column":4},"end":{"line":234,"column":null}},{"start":{},"end":{}}],"line":233}},"s":{"0":1,"1":48,"2":48,"3":48,"4":21,"5":48,"6":3,"7":3,"8":5,"9":1,"10":48,"11":5,"12":5,"13":5,"14":3,"15":3,"16":2,"17":2,"18":48,"19":34,"20":34,"21":34,"22":34,"23":34,"24":13,"25":26,"26":13,"27":21,"28":34,"29":15,"30":6,"31":6,"32":6,"33":6,"34":6,"35":5,"36":5,"37":4,"38":5,"39":0,"40":4,"41":1,"42":1,"43":1,"44":9,"45":4,"46":4,"47":4,"48":4,"49":3,"50":1,"51":2,"52":2,"53":1,"54":5,"55":4,"56":4,"57":4,"58":4,"59":4,"60":3,"61":1,"62":2,"63":2,"64":1,"65":1,"66":1,"67":0,"68":21,"69":6,"70":21,"71":21,"72":21,"73":1,"74":1,"75":1,"76":21,"77":21,"78":22,"79":22,"80":22,"81":22,"82":22,"83":22,"84":21,"85":1,"86":20,"87":2,"88":2,"89":2,"90":1,"91":1,"92":1,"93":21,"94":21,"95":21,"96":6,"97":21,"98":48,"99":2,"100":2,"101":48},"f":{"0":48,"1":21,"2":3,"3":1,"4":5,"5":34,"6":26,"7":0,"8":21,"9":1,"10":1,"11":22,"12":0,"13":2,"14":0},"b":{"0":[21,21],"1":[3,2],"2":[5,4],"3":[34,29,27],"4":[13,21],"5":[34,33,32,31,30,29,28,27,26,25,25,25,24,23,22],"6":[26,26],"7":[21,16,15,11,7],"8":[15,19],"9":[6,9],"10":[15,10],"11":[5,1],"12":[4,0],"13":[0,5],"14":[4,5],"15":[4,3],"16":[1,2],"17":[1,1],"18":[4,1],"19":[4,1],"20":[4,0],"21":[4,3],"22":[1,2],"23":[1,1],"24":[1,0],"25":[6,15],"26":[1,0],"27":[22],"28":[21,1],"29":[1,1],"30":[2,2],"31":[6,15]},"meta":{"lastBranch":32,"lastFunction":15,"lastStatement":102,"seen":{"s:22:25:22:Infinity":0,"f:28:16:28:26":0,"s:29:14:29:59":1,"s:30:14:30:Infinity":2,"s:33:8:38:Infinity":3,"f:33:8:33:41":1,"s:33:41:38:Infinity":4,"b:37:15:37:36:37:36:37:Infinity":0,"s:44:2:50:Infinity":5,"f:44:10:44:30":2,"s:45:20:45:Infinity":6,"s:47:4:50:Infinity":7,"s:48:6:50:Infinity":8,"f:48:67:48:73":3,"s:49:8:49:Infinity":9,"s:59:2:79:Infinity":10,"f:59:10:59:17":4,"s:60:19:60:Infinity":11,"s:61:4:67:Infinity":12,"b:69:4:75:Infinity:undefined:undefined:undefined:undefined":1,"s:69:4:75:Infinity":13,"b:69:8:69:19:69:19:69:66":2,"s:70:6:73:Infinity":14,"s:75:6:75:Infinity":15,"s:77:4:77:Infinity":16,"s:78:4:78:Infinity":17,"s:82:2:238:Infinity":18,"f:82:20:82:27":5,"s:83:19:83:Infinity":19,"s:84:15:84:Infinity":20,"b:84:15:84:35:84:35:84:58:84:58:84:Infinity":3,"s:85:38:85:Infinity":21,"s:90:16:90:Infinity":22,"b:91:4:99:Infinity:undefined:undefined:undefined:undefined":4,"s:91:4:99:Infinity":23,"b:91:8:91:35:91:35:91:61:91:61:91:Infinity:92:11:92:39:92:39:92:Infinity:93:11:93:Infinity:94:11:94:35:94:35:94:Infinity:95:11:95:33:95:33:95:55:95:55:95:Infinity:96:11:96:37:96:37:96:Infinity:97:11:97:37:97:37:97:63":5,"s:98:6:98:Infinity":24,"f:98:76:98:83":6,"s:98:88:98:169":25,"b:98:88:98:121:98:121:98:169":6,"s:99:6:99:Infinity":26,"s:105:21:105:Infinity":27,"b:105:24:105:45:105:45:105:66:105:66:105:87:105:87:105:111:105:111:105:Infinity":7,"b:106:4:178:Infinity:undefined:undefined:undefined:undefined":8,"s:106:4:178:Infinity":28,"b:107:6:178:Infinity:138:15:178:Infinity":9,"s:107:6:178:Infinity":29,"b:107:10:107:31:107:31:107:50":10,"s:108:9:135:Infinity":30,"s:109:32:109:87":31,"s:110:11:110:Infinity":32,"s:112:24:112:43":33,"b:113:11:131:Infinity:130:18:131:Infinity":11,"s:113:11:131:Infinity":34,"s:114:25:114:Infinity":35,"s:115:32:115:98":36,"s:118:20:118:83":37,"b:118:46:118:60:118:60:118:83":12,"b:119:14:120:Infinity:undefined:undefined:undefined:undefined":13,"s:119:14:120:Infinity":38,"s:120:16:120:Infinity":39,"s:122:14:127:Infinity":40,"s:131:13:131:Infinity":41,"s:134:13:134:Infinity":42,"s:135:13:135:Infinity":43,"b:138:15:178:Infinity:157:15:178:Infinity":14,"s:138:15:178:Infinity":44,"s:139:23:139:Infinity":45,"s:140:25:140:Infinity":46,"b:140:25:140:48:140:48:140:Infinity":15,"s:141:9:154:Infinity":47,"s:142:25:142:61":48,"b:143:12:149:Infinity:145:19:149:Infinity":16,"s:143:12:149:Infinity":49,"s:144:14:144:Infinity":50,"s:146:26:146:Infinity":51,"s:147:14:149:Infinity":52,"b:148:40:148:68:148:68:148:Infinity":17,"s:154:12:154:Infinity":53,"b:157:15:178:Infinity:177:15:178:Infinity":18,"s:157:15:178:Infinity":54,"s:158:22:158:Infinity":55,"b:158:22:158:56:158:56:158:Infinity":19,"s:159:22:159:Infinity":56,"b:159:22:159:56:159:56:159:Infinity":20,"s:160:25:160:Infinity":57,"b:160:25:160:48:160:48:160:Infinity":21,"s:161:9:174:Infinity":58,"s:162:25:162:76":59,"b:163:12:169:Infinity:165:19:169:Infinity":22,"s:163:12:169:Infinity":60,"s:164:14:164:Infinity":61,"s:166:26:166:Infinity":62,"s:167:14:169:Infinity":63,"b:168:63:168:88:168:88:168:Infinity":23,"s:174:12:174:Infinity":64,"b:177:15:178:Infinity:178:11:178:Infinity":24,"s:177:15:178:Infinity":65,"s:177:38:177:Infinity":66,"s:178:11:178:Infinity":67,"b:182:4:184:Infinity:undefined:undefined:undefined:undefined":25,"s:182:4:184:Infinity":68,"s:184:6:184:Infinity":69,"f:184:136:184:148":7,"s:189:4:189:Infinity":70,"s:190:19:198:Infinity":71,"f:192:10:192:27":8,"s:193:8:193:78":72,"f:193:8:193:25":9,"s:193:25:193:59":73,"f:195:7:195:14":10,"s:196:6:196:Infinity":74,"b:196:73:196:88:196:88:196:93":26,"s:197:6:197:Infinity":75,"s:200:4:200:Infinity":76,"s:204:29:222:Infinity":77,"f:204:29:204:36":11,"b:204:69:204:78":27,"s:205:6:205:Infinity":78,"s:206:6:222:Infinity":79,"s:206:19:206:22":80,"s:207:22:207:Infinity":81,"s:208:8:222:Infinity":82,"b:209:10:212:Infinity:211:17:212:Infinity":28,"s:209:10:212:Infinity":83,"s:210:13:210:Infinity":84,"s:212:13:212:Infinity":85,"s:214:10:214:Infinity":86,"s:216:28:216:Infinity":87,"s:217:13:217:Infinity":88,"b:219:13:222:Infinity:undefined:undefined:undefined:undefined":29,"s:219:13:222:Infinity":89,"b:219:17:219:28:219:28:219:81":30,"s:220:16:220:Infinity":90,"s:221:22:221:51":91,"s:222:16:222:Infinity":92,"s:229:10:229:51":93,"s:230:10:230:50":94,"b:233:4:234:Infinity:undefined:undefined:undefined:undefined":31,"s:233:4:234:Infinity":95,"s:234:6:234:Infinity":96,"f:234:61:234:73":12,"s:237:4:237:Infinity":97,"s:242:2:245:Infinity":98,"f:242:6:242:13":13,"s:243:4:243:Infinity":99,"s:244:4:244:Infinity":100,"f:244:58:244:70":14,"s:247:2:247:Infinity":101}}}
,"/Volumes/backup/Antigravity/Pristino/src/circuit-breaker.ts": {"path":"/Volumes/backup/Antigravity/Pristino/src/circuit-breaker.ts","statementMap":{"0":{"start":{"line":11,"column":21},"end":{"line":11,"column":null}},"1":{"start":{"line":12,"column":28},"end":{"line":12,"column":null}},"2":{"start":{"line":13,"column":32},"end":{"line":13,"column":null}},"3":{"start":{"line":16,"column":21},"end":{"line":16,"column":null}},"4":{"start":{"line":17,"column":21},"end":{"line":17,"column":41}},"5":{"start":{"line":18,"column":21},"end":{"line":18,"column":39}},"6":{"start":{"line":23,"column":4},"end":{"line":23,"column":null}},"7":{"start":{"line":23,"column":33},"end":{"line":23,"column":null}},"8":{"start":{"line":25,"column":4},"end":{"line":28,"column":null}},"9":{"start":{"line":26,"column":6},"end":{"line":26,"column":null}},"10":{"start":{"line":27,"column":6},"end":{"line":27,"column":null}},"11":{"start":{"line":28,"column":6},"end":{"line":28,"column":null}},"12":{"start":{"line":31,"column":4},"end":{"line":31,"column":null}},"13":{"start":{"line":36,"column":4},"end":{"line":37,"column":null}},"14":{"start":{"line":37,"column":6},"end":{"line":37,"column":null}},"15":{"start":{"line":39,"column":4},"end":{"line":39,"column":null}},"16":{"start":{"line":40,"column":4},"end":{"line":40,"column":null}},"17":{"start":{"line":45,"column":4},"end":{"line":45,"column":null}},"18":{"start":{"line":46,"column":4},"end":{"line":46,"column":null}},"19":{"start":{"line":48,"column":4},"end":{"line":50,"column":null}},"20":{"start":{"line":49,"column":6},"end":{"line":49,"column":null}},"21":{"start":{"line":50,"column":6},"end":{"line":50,"column":null}},"22":{"start":{"line":55,"column":4},"end":{"line":55,"column":null}}},"fnMap":{"0":{"name":"(anonymous_0)","decl":{"start":{"line":15,"column":2},"end":{"line":15,"column":null}},"loc":{"start":{"line":19,"column":4},"end":{"line":18,"column":39}},"line":19},"1":{"name":"(anonymous_1)","decl":{"start":{"line":22,"column":2},"end":{"line":22,"column":20}},"loc":{"start":{"line":22,"column":20},"end":{"line":31,"column":null}},"line":22},"2":{"name":"(anonymous_2)","decl":{"start":{"line":35,"column":2},"end":{"line":35,"column":24}},"loc":{"start":{"line":35,"column":24},"end":{"line":40,"column":null}},"line":35},"3":{"name":"(anonymous_3)","decl":{"start":{"line":44,"column":2},"end":{"line":44,"column":24}},"loc":{"start":{"line":44,"column":24},"end":{"line":50,"column":null}},"line":44},"4":{"name":"(anonymous_4)","decl":{"start":{"line":54,"column":2},"end":{"line":54,"column":27}},"loc":{"start":{"line":54,"column":27},"end":{"line":55,"column":null}},"line":54}},"branchMap":{"0":{"loc":{"start":{"line":17,"column":4},"end":{"line":17,"column":null}},"type":"default-arg","locations":[{"start":{"line":17,"column":41},"end":{"line":17,"column":null}}],"line":17},"1":{"loc":{"start":{"line":18,"column":4},"end":{"line":18,"column":null}},"type":"default-arg","locations":[{"start":{"line":18,"column":39},"end":{"line":18,"column":null}}],"line":18},"2":{"loc":{"start":{"line":23,"column":4},"end":{"line":23,"column":null}},"type":"if","locations":[{"start":{"line":23,"column":4},"end":{"line":23,"column":null}},{"start":{},"end":{}}],"line":23},"3":{"loc":{"start":{"line":25,"column":4},"end":{"line":28,"column":null}},"type":"if","locations":[{"start":{"line":25,"column":4},"end":{"line":28,"column":null}},{"start":{},"end":{}}],"line":25},"4":{"loc":{"start":{"line":25,"column":8},"end":{"line":25,"column":84}},"type":"binary-expr","locations":[{"start":{"line":25,"column":8},"end":{"line":25,"column":33}},{"start":{"line":25,"column":33},"end":{"line":25,"column":84}}],"line":25},"5":{"loc":{"start":{"line":36,"column":4},"end":{"line":37,"column":null}},"type":"if","locations":[{"start":{"line":36,"column":4},"end":{"line":37,"column":null}},{"start":{},"end":{}}],"line":36},"6":{"loc":{"start":{"line":48,"column":4},"end":{"line":50,"column":null}},"type":"if","locations":[{"start":{"line":48,"column":4},"end":{"line":50,"column":null}},{"start":{},"end":{}}],"line":48}},"s":{"0":21,"1":21,"2":21,"3":21,"4":21,"5":21,"6":26,"7":9,"8":17,"9":7,"10":7,"11":7,"12":10,"13":6,"14":3,"15":6,"16":6,"17":56,"18":56,"19":56,"20":18,"21":18,"22":19},"f":{"0":21,"1":26,"2":6,"3":56,"4":19},"b":{"0":[21],"1":[21],"2":[9,17],"3":[7,10],"4":[17,17],"5":[3,3],"6":[18,38]},"meta":{"lastBranch":7,"lastFunction":5,"lastStatement":23,"seen":{"s:11:21:11:Infinity":0,"s:12:28:12:Infinity":1,"s:13:32:13:Infinity":2,"f:15:2:15:Infinity":0,"b:17:41:17:Infinity":0,"b:18:39:18:Infinity":1,"s:16:21:16:Infinity":3,"s:17:21:17:41":4,"s:18:21:18:39":5,"f:22:2:22:20":1,"b:23:4:23:Infinity:undefined:undefined:undefined:undefined":2,"s:23:4:23:Infinity":6,"s:23:33:23:Infinity":7,"b:25:4:28:Infinity:undefined:undefined:undefined:undefined":3,"s:25:4:28:Infinity":8,"b:25:8:25:33:25:33:25:84":4,"s:26:6:26:Infinity":9,"s:27:6:27:Infinity":10,"s:28:6:28:Infinity":11,"s:31:4:31:Infinity":12,"f:35:2:35:24":2,"b:36:4:37:Infinity:undefined:undefined:undefined:undefined":5,"s:36:4:37:Infinity":13,"s:37:6:37:Infinity":14,"s:39:4:39:Infinity":15,"s:40:4:40:Infinity":16,"f:44:2:44:24":3,"s:45:4:45:Infinity":17,"s:46:4:46:Infinity":18,"b:48:4:50:Infinity:undefined:undefined:undefined:undefined":6,"s:48:4:50:Infinity":19,"s:49:6:49:Infinity":20,"s:50:6:50:Infinity":21,"f:54:2:54:27":4,"s:55:4:55:Infinity":22}}}
,"/Volumes/backup/Antigravity/Pristino/src/config.ts": {"path":"/Volumes/backup/Antigravity/Pristino/src/config.ts","statementMap":{"0":{"start":{"line":51,"column":74},"end":{"line":51,"column":76}},"1":{"start":{"line":52,"column":26},"end":{"line":52,"column":86}},"2":{"start":{"line":53,"column":20},"end":{"line":53,"column":null}},"3":{"start":{"line":55,"column":2},"end":{"line":66,"column":null}},"4":{"start":{"line":56,"column":4},"end":{"line":56,"column":null}},"5":{"start":{"line":56,"column":67},"end":{"line":56,"column":null}},"6":{"start":{"line":58,"column":23},"end":{"line":58,"column":52}},"7":{"start":{"line":59,"column":4},"end":{"line":66,"column":null}},"8":{"start":{"line":60,"column":6},"end":{"line":64,"column":null}},"9":{"start":{"line":65,"column":15},"end":{"line":66,"column":null}},"10":{"start":{"line":66,"column":6},"end":{"line":66,"column":null}},"11":{"start":{"line":70,"column":2},"end":{"line":70,"column":null}},"12":{"start":{"line":70,"column":22},"end":{"line":70,"column":46}},"13":{"start":{"line":71,"column":15},"end":{"line":71,"column":32}},"14":{"start":{"line":72,"column":2},"end":{"line":78,"column":null}},"15":{"start":{"line":74,"column":6},"end":{"line":74,"column":null}},"16":{"start":{"line":74,"column":29},"end":{"line":74,"column":null}},"17":{"start":{"line":75,"column":6},"end":{"line":75,"column":null}},"18":{"start":{"line":76,"column":6},"end":{"line":76,"column":null}},"19":{"start":{"line":78,"column":15},"end":{"line":78,"column":49}},"20":{"start":{"line":82,"column":22},"end":{"line":82,"column":60}},"21":{"start":{"line":83,"column":30},"end":{"line":83,"column":52}},"22":{"start":{"line":85,"column":2},"end":{"line":99,"column":null}},"23":{"start":{"line":86,"column":19},"end":{"line":86,"column":38}},"24":{"start":{"line":88,"column":29},"end":{"line":88,"column":null}},"25":{"start":{"line":89,"column":24},"end":{"line":89,"column":66}},"26":{"start":{"line":90,"column":30},"end":{"line":90,"column":78}},"27":{"start":{"line":92,"column":4},"end":{"line":99,"column":null}},"28":{"start":{"line":93,"column":6},"end":{"line":93,"column":null}},"29":{"start":{"line":94,"column":6},"end":{"line":97,"column":null}},"30":{"start":{"line":98,"column":15},"end":{"line":99,"column":null}},"31":{"start":{"line":99,"column":6},"end":{"line":99,"column":null}},"32":{"start":{"line":103,"column":2},"end":{"line":103,"column":null}},"33":{"start":{"line":107,"column":28},"end":{"line":107,"column":30}},"34":{"start":{"line":109,"column":27},"end":{"line":109,"column":49}},"35":{"start":{"line":112,"column":27},"end":{"line":114,"column":null}},"36":{"start":{"line":116,"column":21},"end":{"line":118,"column":null}},"37":{"start":{"line":120,"column":27},"end":{"line":122,"column":null}},"38":{"start":{"line":124,"column":2},"end":{"line":125,"column":null}},"39":{"start":{"line":125,"column":4},"end":{"line":125,"column":null}},"40":{"start":{"line":127,"column":2},"end":{"line":128,"column":null}},"41":{"start":{"line":128,"column":4},"end":{"line":128,"column":null}},"42":{"start":{"line":131,"column":17},"end":{"line":131,"column":null}},"43":{"start":{"line":132,"column":16},"end":{"line":132,"column":70}},"44":{"start":{"line":132,"column":45},"end":{"line":132,"column":53}},"45":{"start":{"line":133,"column":35},"end":{"line":133,"column":37}},"46":{"start":{"line":134,"column":2},"end":{"line":139,"column":null}},"47":{"start":{"line":135,"column":14},"end":{"line":135,"column":26}},"48":{"start":{"line":136,"column":4},"end":{"line":139,"column":null}},"49":{"start":{"line":137,"column":6},"end":{"line":137,"column":null}},"50":{"start":{"line":139,"column":6},"end":{"line":139,"column":null}},"51":{"start":{"line":142,"column":2},"end":{"line":142,"column":null}},"52":{"start":{"line":142,"column":35},"end":{"line":142,"column":null}},"53":{"start":{"line":144,"column":2},"end":{"line":145,"column":null}},"54":{"start":{"line":145,"column":4},"end":{"line":145,"column":null}},"55":{"start":{"line":148,"column":2},"end":{"line":149,"column":null}},"56":{"start":{"line":149,"column":4},"end":{"line":149,"column":null}},"57":{"start":{"line":152,"column":2},"end":{"line":153,"column":null}},"58":{"start":{"line":153,"column":4},"end":{"line":153,"column":null}},"59":{"start":{"line":156,"column":2},"end":{"line":177,"column":null}},"60":{"start":{"line":182,"column":16},"end":{"line":182,"column":54}},"61":{"start":{"line":183,"column":2},"end":{"line":183,"column":null}},"62":{"start":{"line":183,"column":13},"end":{"line":183,"column":null}},"63":{"start":{"line":186,"column":2},"end":{"line":190,"column":null}},"64":{"start":{"line":195,"column":2},"end":{"line":195,"column":null}},"65":{"start":{"line":195,"column":27},"end":{"line":195,"column":null}},"66":{"start":{"line":196,"column":2},"end":{"line":196,"column":null}}},"fnMap":{"0":{"name":"collectOrderedKeys","decl":{"start":{"line":50,"column":9},"end":{"line":50,"column":28}},"loc":{"start":{"line":50,"column":75},"end":{"line":78,"column":null}},"line":50},"1":{"name":"(anonymous_1)","decl":{"start":{"line":70,"column":7},"end":{"line":70,"column":13}},"loc":{"start":{"line":70,"column":22},"end":{"line":70,"column":46}},"line":70},"2":{"name":"(anonymous_2)","decl":{"start":{"line":73,"column":5},"end":{"line":73,"column":12}},"loc":{"start":{"line":73,"column":17},"end":{"line":77,"column":null}},"line":73},"3":{"name":"(anonymous_3)","decl":{"start":{"line":78,"column":5},"end":{"line":78,"column":9}},"loc":{"start":{"line":78,"column":15},"end":{"line":78,"column":49}},"line":78},"4":{"name":"loadAgentCredentials","decl":{"start":{"line":81,"column":9},"end":{"line":81,"column":66}},"loc":{"start":{"line":81,"column":66},"end":{"line":103,"column":null}},"line":81},"5":{"name":"loadConfig","decl":{"start":{"line":106,"column":16},"end":{"line":106,"column":37}},"loc":{"start":{"line":106,"column":37},"end":{"line":177,"column":null}},"line":106},"6":{"name":"(anonymous_6)","decl":{"start":{"line":132,"column":34},"end":{"line":132,"column":39}},"loc":{"start":{"line":132,"column":45},"end":{"line":132,"column":53}},"line":132},"7":{"name":"getAgentCredentials","decl":{"start":{"line":181,"column":16},"end":{"line":181,"column":36}},"loc":{"start":{"line":181,"column":92},"end":{"line":190,"column":null}},"line":181},"8":{"name":"getInstanceDbPath","decl":{"start":{"line":194,"column":16},"end":{"line":194,"column":34}},"loc":{"start":{"line":194,"column":80},"end":{"line":196,"column":null}},"line":194}},"branchMap":{"0":{"loc":{"start":{"line":56,"column":4},"end":{"line":56,"column":null}},"type":"if","locations":[{"start":{"line":56,"column":4},"end":{"line":56,"column":null}},{"start":{},"end":{}}],"line":56},"1":{"loc":{"start":{"line":56,"column":8},"end":{"line":56,"column":65}},"type":"binary-expr","locations":[{"start":{"line":56,"column":8},"end":{"line":56,"column":21}},{"start":{"line":56,"column":21},"end":{"line":56,"column":49}},{"start":{"line":56,"column":49},"end":{"line":56,"column":65}}],"line":56},"2":{"loc":{"start":{"line":59,"column":4},"end":{"line":66,"column":null}},"type":"if","locations":[{"start":{"line":59,"column":4},"end":{"line":66,"column":null}},{"start":{"line":65,"column":15},"end":{"line":66,"column":null}}],"line":59},"3":{"loc":{"start":{"line":63,"column":15},"end":{"line":63,"column":null}},"type":"binary-expr","locations":[{"start":{"line":63,"column":15},"end":{"line":63,"column":32}},{"start":{"line":63,"column":32},"end":{"line":63,"column":null}}],"line":63},"4":{"loc":{"start":{"line":65,"column":15},"end":{"line":66,"column":null}},"type":"if","locations":[{"start":{"line":65,"column":15},"end":{"line":66,"column":null}},{"start":{},"end":{}}],"line":65},"5":{"loc":{"start":{"line":74,"column":6},"end":{"line":74,"column":null}},"type":"if","locations":[{"start":{"line":74,"column":6},"end":{"line":74,"column":null}},{"start":{},"end":{}}],"line":74},"6":{"loc":{"start":{"line":88,"column":29},"end":{"line":88,"column":null}},"type":"binary-expr","locations":[{"start":{"line":88,"column":29},"end":{"line":88,"column":76}},{"start":{"line":88,"column":76},"end":{"line":88,"column":null}}],"line":88},"7":{"loc":{"start":{"line":92,"column":4},"end":{"line":99,"column":null}},"type":"if","locations":[{"start":{"line":92,"column":4},"end":{"line":99,"column":null}},{"start":{"line":98,"column":15},"end":{"line":99,"column":null}}],"line":92},"8":{"loc":{"start":{"line":92,"column":8},"end":{"line":92,"column":52}},"type":"binary-expr","locations":[{"start":{"line":92,"column":8},"end":{"line":92,"column":28}},{"start":{"line":92,"column":28},"end":{"line":92,"column":52}}],"line":92},"9":{"loc":{"start":{"line":98,"column":15},"end":{"line":99,"column":null}},"type":"if","locations":[{"start":{"line":98,"column":15},"end":{"line":99,"column":null}},{"start":{},"end":{}}],"line":98},"10":{"loc":{"start":{"line":98,"column":15},"end":{"line":98,"column":59}},"type":"binary-expr","locations":[{"start":{"line":98,"column":15},"end":{"line":98,"column":35}},{"start":{"line":98,"column":35},"end":{"line":98,"column":59}}],"line":98},"11":{"loc":{"start":{"line":112,"column":27},"end":{"line":114,"column":null}},"type":"binary-expr","locations":[{"start":{"line":112,"column":27},"end":{"line":112,"column":null}},{"start":{"line":113,"column":7},"end":{"line":113,"column":null}},{"start":{"line":114,"column":7},"end":{"line":114,"column":null}}],"line":112},"12":{"loc":{"start":{"line":116,"column":21},"end":{"line":118,"column":null}},"type":"binary-expr","locations":[{"start":{"line":116,"column":21},"end":{"line":116,"column":null}},{"start":{"line":117,"column":7},"end":{"line":117,"column":null}},{"start":{"line":118,"column":7},"end":{"line":118,"column":null}}],"line":116},"13":{"loc":{"start":{"line":120,"column":27},"end":{"line":122,"column":null}},"type":"binary-expr","locations":[{"start":{"line":120,"column":27},"end":{"line":120,"column":null}},{"start":{"line":121,"column":7},"end":{"line":121,"column":null}},{"start":{"line":122,"column":7},"end":{"line":122,"column":null}}],"line":120},"14":{"loc":{"start":{"line":124,"column":2},"end":{"line":125,"column":null}},"type":"if","locations":[{"start":{"line":124,"column":2},"end":{"line":125,"column":null}},{"start":{},"end":{}}],"line":124},"15":{"loc":{"start":{"line":124,"column":6},"end":{"line":124,"column":56}},"type":"binary-expr","locations":[{"start":{"line":124,"column":6},"end":{"line":124,"column":27}},{"start":{"line":124,"column":27},"end":{"line":124,"column":56}}],"line":124},"16":{"loc":{"start":{"line":127,"column":2},"end":{"line":128,"column":null}},"type":"if","locations":[{"start":{"line":127,"column":2},"end":{"line":128,"column":null}},{"start":{},"end":{}}],"line":127},"17":{"loc":{"start":{"line":127,"column":6},"end":{"line":127,"column":50}},"type":"binary-expr","locations":[{"start":{"line":127,"column":6},"end":{"line":127,"column":21}},{"start":{"line":127,"column":21},"end":{"line":127,"column":50}}],"line":127},"18":{"loc":{"start":{"line":131,"column":17},"end":{"line":131,"column":null}},"type":"binary-expr","locations":[{"start":{"line":131,"column":17},"end":{"line":131,"column":58}},{"start":{"line":131,"column":58},"end":{"line":131,"column":null}}],"line":131},"19":{"loc":{"start":{"line":136,"column":4},"end":{"line":139,"column":null}},"type":"if","locations":[{"start":{"line":136,"column":4},"end":{"line":139,"column":null}},{"start":{"line":138,"column":11},"end":{"line":139,"column":null}}],"line":136},"20":{"loc":{"start":{"line":136,"column":8},"end":{"line":136,"column":57}},"type":"binary-expr","locations":[{"start":{"line":136,"column":8},"end":{"line":136,"column":23}},{"start":{"line":136,"column":27},"end":{"line":136,"column":37}},{"start":{"line":136,"column":37},"end":{"line":136,"column":57}}],"line":136},"21":{"loc":{"start":{"line":142,"column":2},"end":{"line":142,"column":null}},"type":"if","locations":[{"start":{"line":142,"column":2},"end":{"line":142,"column":null}},{"start":{},"end":{}}],"line":142},"22":{"loc":{"start":{"line":144,"column":2},"end":{"line":145,"column":null}},"type":"if","locations":[{"start":{"line":144,"column":2},"end":{"line":145,"column":null}},{"start":{},"end":{}}],"line":144},"23":{"loc":{"start":{"line":148,"column":2},"end":{"line":149,"column":null}},"type":"if","locations":[{"start":{"line":148,"column":2},"end":{"line":149,"column":null}},{"start":{},"end":{}}],"line":148},"24":{"loc":{"start":{"line":148,"column":6},"end":{"line":148,"column":56}},"type":"binary-expr","locations":[{"start":{"line":148,"column":6},"end":{"line":148,"column":27}},{"start":{"line":148,"column":27},"end":{"line":148,"column":56}}],"line":148},"25":{"loc":{"start":{"line":152,"column":2},"end":{"line":153,"column":null}},"type":"if","locations":[{"start":{"line":152,"column":2},"end":{"line":153,"column":null}},{"start":{},"end":{}}],"line":152},"26":{"loc":{"start":{"line":160,"column":15},"end":{"line":160,"column":null}},"type":"binary-expr","locations":[{"start":{"line":160,"column":15},"end":{"line":160,"column":41}},{"start":{"line":160,"column":41},"end":{"line":160,"column":73}},{"start":{"line":160,"column":73},"end":{"line":160,"column":null}}],"line":160},"27":{"loc":{"start":{"line":162,"column":6},"end":{"line":162,"column":null}},"type":"binary-expr","locations":[{"start":{"line":162,"column":6},"end":{"line":162,"column":38}},{"start":{"line":162,"column":38},"end":{"line":162,"column":64}},{"start":{"line":162,"column":64},"end":{"line":162,"column":null}}],"line":162},"28":{"loc":{"start":{"line":163,"column":6},"end":{"line":163,"column":null}},"type":"binary-expr","locations":[{"start":{"line":163,"column":6},"end":{"line":163,"column":38}},{"start":{"line":163,"column":38},"end":{"line":163,"column":null}}],"line":163},"29":{"loc":{"start":{"line":164,"column":6},"end":{"line":164,"column":null}},"type":"binary-expr","locations":[{"start":{"line":164,"column":6},"end":{"line":164,"column":38}},{"start":{"line":164,"column":38},"end":{"line":164,"column":null}}],"line":164},"30":{"loc":{"start":{"line":166,"column":21},"end":{"line":166,"column":null}},"type":"binary-expr","locations":[{"start":{"line":166,"column":21},"end":{"line":166,"column":54}},{"start":{"line":166,"column":54},"end":{"line":166,"column":null}}],"line":166},"31":{"loc":{"start":{"line":168,"column":21},"end":{"line":168,"column":null}},"type":"binary-expr","locations":[{"start":{"line":168,"column":21},"end":{"line":168,"column":53}},{"start":{"line":168,"column":53},"end":{"line":168,"column":null}}],"line":168},"32":{"loc":{"start":{"line":169,"column":12},"end":{"line":169,"column":null}},"type":"binary-expr","locations":[{"start":{"line":169,"column":12},"end":{"line":169,"column":35}},{"start":{"line":169,"column":35},"end":{"line":169,"column":null}}],"line":169},"33":{"loc":{"start":{"line":170,"column":31},"end":{"line":170,"column":71}},"type":"binary-expr","locations":[{"start":{"line":170,"column":31},"end":{"line":170,"column":65}},{"start":{"line":170,"column":69},"end":{"line":170,"column":71}}],"line":170},"34":{"loc":{"start":{"line":171,"column":28},"end":{"line":171,"column":66}},"type":"binary-expr","locations":[{"start":{"line":171,"column":28},"end":{"line":171,"column":59}},{"start":{"line":171,"column":63},"end":{"line":171,"column":66}}],"line":171},"35":{"loc":{"start":{"line":172,"column":29},"end":{"line":172,"column":68}},"type":"binary-expr","locations":[{"start":{"line":172,"column":29},"end":{"line":172,"column":59}},{"start":{"line":172,"column":63},"end":{"line":172,"column":68}}],"line":172},"36":{"loc":{"start":{"line":173,"column":39},"end":{"line":173,"column":90}},"type":"binary-expr","locations":[{"start":{"line":173,"column":39},"end":{"line":173,"column":79}},{"start":{"line":173,"column":83},"end":{"line":173,"column":90}}],"line":173},"37":{"loc":{"start":{"line":174,"column":16},"end":{"line":174,"column":null}},"type":"binary-expr","locations":[{"start":{"line":174,"column":16},"end":{"line":174,"column":43}},{"start":{"line":174,"column":43},"end":{"line":174,"column":null}}],"line":174},"38":{"loc":{"start":{"line":176,"column":22},"end":{"line":176,"column":null}},"type":"binary-expr","locations":[{"start":{"line":176,"column":22},"end":{"line":176,"column":63}},{"start":{"line":176,"column":63},"end":{"line":176,"column":null}}],"line":176},"39":{"loc":{"start":{"line":183,"column":2},"end":{"line":183,"column":null}},"type":"if","locations":[{"start":{"line":183,"column":2},"end":{"line":183,"column":null}},{"start":{},"end":{}}],"line":183},"40":{"loc":{"start":{"line":188,"column":17},"end":{"line":188,"column":87}},"type":"cond-expr","locations":[{"start":{"line":188,"column":37},"end":{"line":188,"column":82}},{"start":{"line":188,"column":85},"end":{"line":188,"column":87}}],"line":188},"41":{"loc":{"start":{"line":189,"column":23},"end":{"line":189,"column":null}},"type":"cond-expr","locations":[{"start":{"line":189,"column":49},"end":{"line":189,"column":100}},{"start":{"line":189,"column":103},"end":{"line":189,"column":null}}],"line":189},"42":{"loc":{"start":{"line":195,"column":2},"end":{"line":195,"column":null}},"type":"if","locations":[{"start":{"line":195,"column":2},"end":{"line":195,"column":null}},{"start":{},"end":{}}],"line":195}},"s":{"0":136,"1":136,"2":136,"3":136,"4":12192,"5":552,"6":11640,"7":11640,"8":35,"9":11605,"10":0,"11":136,"12":3,"13":136,"14":136,"15":35,"16":1,"17":34,"18":34,"19":34,"20":34,"21":34,"22":34,"23":68,"24":68,"25":68,"26":68,"27":68,"28":31,"29":31,"30":37,"31":1,"32":34,"33":34,"34":34,"35":34,"36":34,"37":34,"38":34,"39":1,"40":34,"41":2,"42":34,"43":34,"44":43,"45":34,"46":34,"47":42,"48":42,"49":5,"50":37,"51":34,"52":2,"53":34,"54":4,"55":30,"56":1,"57":30,"58":28,"59":30,"60":107,"61":107,"62":45,"63":62,"64":3,"65":1,"66":2},"f":{"0":136,"1":3,"2":35,"3":34,"4":34,"5":34,"6":43,"7":107,"8":3},"b":{"0":[552,11640],"1":[12192,11648,11644],"2":[35,11605],"3":[35,2],"4":[0,11605],"5":[1,34],"6":[68,37],"7":[31,37],"8":[68,31],"9":[1,36],"10":[37,37],"11":[34,29,1],"12":[34,32,32],"13":[34,33,33],"14":[1,33],"15":[34,1],"16":[2,32],"17":[34,32],"18":[34,1],"19":[5,37],"20":[42,39,37],"21":[2,32],"22":[4,30],"23":[1,29],"24":[30,29],"25":[28,2],"26":[30,29,28],"27":[34,29,28],"28":[34,29],"29":[34,29],"30":[34,30],"31":[34,29],"32":[34,28],"33":[34,28],"34":[34,29],"35":[34,28],"36":[34,28],"37":[34,30],"38":[34,29],"39":[45,62],"40":[61,1],"41":[61,1],"42":[1,2]},"meta":{"lastBranch":43,"lastFunction":9,"lastStatement":67,"seen":{"f:50:9:50:28":0,"s:51:74:51:76":0,"s:52:26:52:86":1,"s:53:20:53:Infinity":2,"s:55:2:66:Infinity":3,"b:56:4:56:Infinity:undefined:undefined:undefined:undefined":0,"s:56:4:56:Infinity":4,"b:56:8:56:21:56:21:56:49:56:49:56:65":1,"s:56:67:56:Infinity":5,"s:58:23:58:52":6,"b:59:4:66:Infinity:65:15:66:Infinity":2,"s:59:4:66:Infinity":7,"s:60:6:64:Infinity":8,"b:63:15:63:32:63:32:63:Infinity":3,"b:65:15:66:Infinity:undefined:undefined:undefined:undefined":4,"s:65:15:66:Infinity":9,"s:66:6:66:Infinity":10,"s:70:2:70:Infinity":11,"f:70:7:70:13":1,"s:70:22:70:46":12,"s:71:15:71:32":13,"s:72:2:78:Infinity":14,"f:73:5:73:12":2,"b:74:6:74:Infinity:undefined:undefined:undefined:undefined":5,"s:74:6:74:Infinity":15,"s:74:29:74:Infinity":16,"s:75:6:75:Infinity":17,"s:76:6:76:Infinity":18,"f:78:5:78:9":3,"s:78:15:78:49":19,"f:81:9:81:66":4,"s:82:22:82:60":20,"s:83:30:83:52":21,"s:85:2:99:Infinity":22,"s:86:19:86:38":23,"s:88:29:88:Infinity":24,"b:88:29:88:76:88:76:88:Infinity":6,"s:89:24:89:66":25,"s:90:30:90:78":26,"b:92:4:99:Infinity:98:15:99:Infinity":7,"s:92:4:99:Infinity":27,"b:92:8:92:28:92:28:92:52":8,"s:93:6:93:Infinity":28,"s:94:6:97:Infinity":29,"b:98:15:99:Infinity:undefined:undefined:undefined:undefined":9,"s:98:15:99:Infinity":30,"b:98:15:98:35:98:35:98:59":10,"s:99:6:99:Infinity":31,"s:103:2:103:Infinity":32,"f:106:16:106:37":5,"s:107:28:107:30":33,"s:109:27:109:49":34,"s:112:27:114:Infinity":35,"b:112:27:112:Infinity:113:7:113:Infinity:114:7:114:Infinity":11,"s:116:21:118:Infinity":36,"b:116:21:116:Infinity:117:7:117:Infinity:118:7:118:Infinity":12,"s:120:27:122:Infinity":37,"b:120:27:120:Infinity:121:7:121:Infinity:122:7:122:Infinity":13,"b:124:2:125:Infinity:undefined:undefined:undefined:undefined":14,"s:124:2:125:Infinity":38,"b:124:6:124:27:124:27:124:56":15,"s:125:4:125:Infinity":39,"b:127:2:128:Infinity:undefined:undefined:undefined:undefined":16,"s:127:2:128:Infinity":40,"b:127:6:127:21:127:21:127:50":17,"s:128:4:128:Infinity":41,"s:131:17:131:Infinity":42,"b:131:17:131:58:131:58:131:Infinity":18,"s:132:16:132:70":43,"f:132:34:132:39":6,"s:132:45:132:53":44,"s:133:35:133:37":45,"s:134:2:139:Infinity":46,"s:135:14:135:26":47,"b:136:4:139:Infinity:138:11:139:Infinity":19,"s:136:4:139:Infinity":48,"b:136:8:136:23:136:27:136:37:136:37:136:57":20,"s:137:6:137:Infinity":49,"s:139:6:139:Infinity":50,"b:142:2:142:Infinity:undefined:undefined:undefined:undefined":21,"s:142:2:142:Infinity":51,"s:142:35:142:Infinity":52,"b:144:2:145:Infinity:undefined:undefined:undefined:undefined":22,"s:144:2:145:Infinity":53,"s:145:4:145:Infinity":54,"b:148:2:149:Infinity:undefined:undefined:undefined:undefined":23,"s:148:2:149:Infinity":55,"b:148:6:148:27:148:27:148:56":24,"s:149:4:149:Infinity":56,"b:152:2:153:Infinity:undefined:undefined:undefined:undefined":25,"s:152:2:153:Infinity":57,"s:153:4:153:Infinity":58,"s:156:2:177:Infinity":59,"b:160:15:160:41:160:41:160:73:160:73:160:Infinity":26,"b:162:6:162:38:162:38:162:64:162:64:162:Infinity":27,"b:163:6:163:38:163:38:163:Infinity":28,"b:164:6:164:38:164:38:164:Infinity":29,"b:166:21:166:54:166:54:166:Infinity":30,"b:168:21:168:53:168:53:168:Infinity":31,"b:169:12:169:35:169:35:169:Infinity":32,"b:170:31:170:65:170:69:170:71":33,"b:171:28:171:59:171:63:171:66":34,"b:172:29:172:59:172:63:172:68":35,"b:173:39:173:79:173:83:173:90":36,"b:174:16:174:43:174:43:174:Infinity":37,"b:176:22:176:63:176:63:176:Infinity":38,"f:181:16:181:36":7,"s:182:16:182:54":60,"b:183:2:183:Infinity:undefined:undefined:undefined:undefined":39,"s:183:2:183:Infinity":61,"s:183:13:183:Infinity":62,"s:186:2:190:Infinity":63,"b:188:37:188:82:188:85:188:87":40,"b:189:49:189:100:189:103:189:Infinity":41,"f:194:16:194:34":8,"b:195:2:195:Infinity:undefined:undefined:undefined:undefined":42,"s:195:2:
[...]
:120},"5":{"name":"attemptRecovery","decl":{"start":{"line":157,"column":15},"end":{"line":157,"column":null}},"loc":{"start":{"line":161,"column":26},"end":{"line":180,"column":null}},"line":161}},"branchMap":{"0":{"loc":{"start":{"line":18,"column":20},"end":{"line":18,"column":null}},"type":"binary-expr","locations":[{"start":{"line":18,"column":20},"end":{"line":18,"column":42}},{"start":{"line":18,"column":42},"end":{"line":18,"column":null}}],"line":18},"1":{"loc":{"start":{"line":36,"column":16},"end":{"line":36,"column":64}},"type":"cond-expr","locations":[{"start":{"line":36,"column":39},"end":{"line":36,"column":53}},{"start":{"line":36,"column":53},"end":{"line":36,"column":64}}],"line":36},"2":{"loc":{"start":{"line":62,"column":4},"end":{"line":84,"column":null}},"type":"if","locations":[{"start":{"line":62,"column":4},"end":{"line":84,"column":null}},{"start":{"line":68,"column":11},"end":{"line":84,"column":null}}],"line":62},"3":{"loc":{"start":{"line":77,"column":6},"end":{"line":84,"column":null}},"type":"if","locations":[{"start":{"line":77,"column":6},"end":{"line":84,"column":null}},{"start":{"line":79,"column":13},"end":{"line":84,"column":null}}],"line":77},"4":{"loc":{"start":{"line":89,"column":4},"end":{"line":94,"column":null}},"type":"if","locations":[{"start":{"line":89,"column":4},"end":{"line":94,"column":null}},{"start":{},"end":{}}],"line":89},"5":{"loc":{"start":{"line":122,"column":2},"end":{"line":126,"column":null}},"type":"if","locations":[{"start":{"line":122,"column":2},"end":{"line":126,"column":null}},{"start":{},"end":{}}],"line":122},"6":{"loc":{"start":{"line":147,"column":20},"end":{"line":147,"column":74}},"type":"cond-expr","locations":[{"start":{"line":147,"column":45},"end":{"line":147,"column":61}},{"start":{"line":147,"column":61},"end":{"line":147,"column":74}}],"line":147},"7":{"loc":{"start":{"line":162,"column":2},"end":{"line":162,"column":null}},"type":"if","locations":[{"start":{"line":162,"column":2},"end":{"line":162,"column":null}},{"start":{},"end":{}}],"line":162},"8":{"loc":{"start":{"line":173,"column":4},"end":{"line":173,"column":null}},"type":"binary-expr","locations":[{"start":{"line":173,"column":4},"end":{"line":173,"column":24}},{"start":{"line":173,"column":24},"end":{"line":173,"column":null}}],"line":173}},"s":{"0":1,"1":11,"2":11,"3":11,"4":11,"5":11,"6":1,"7":11,"8":11,"9":1,"10":1,"11":1,"12":11,"13":11,"14":16,"15":16,"16":15,"17":11,"18":11,"19":4,"20":4,"21":4,"22":2,"23":2,"24":2,"25":13,"26":3,"27":3,"28":8,"29":8,"30":16,"31":0,"32":16,"33":16,"34":16,"35":16,"36":11,"37":4,"38":4,"39":4,"40":4,"41":1,"42":3,"43":3,"44":4,"45":4,"46":1},"f":{"0":11,"1":11,"2":1,"3":11,"4":16,"5":4},"b":{"0":[11,10],"1":[1,0],"2":[11,4],"3":[2,2],"4":[3,10],"5":[0,16],"6":[4,0],"7":[1,3],"8":[3,0]},"meta":{"lastBranch":9,"lastFunction":6,"lastStatement":47,"seen":{"s:10:36:10:Infinity":0,"f:13:22:13:Infinity":0,"s:18:20:18:Infinity":1,"b:18:20:18:42:18:42:18:Infinity":0,"s:20:2:25:Infinity":2,"s:28:20:28:67":3,"s:29:18:30:Infinity":4,"f:29:22:29:39":1,"s:30:4:30:110":5,"f:30:4:30:21":2,"s:30:21:30:98":6,"s:33:2:38:Infinity":7,"s:34:4:34:Infinity":8,"s:36:16:36:64":9,"b:36:39:36:53:36:53:36:64":1,"s:37:4:37:Infinity":10,"s:38:4:38:Infinity":11,"f:43:15:43:Infinity":3,"s:48:19:48:Infinity":12,"s:50:2:94:Infinity":13,"s:51:4:55:Infinity":14,"s:57:19:60:6":15,"b:62:4:84:Infinity:68:11:84:Infinity":2,"s:62:4:84:Infinity":16,"s:63:6:63:Infinity":17,"s:64:6:67:Infinity":18,"s:69:6:73:Infinity":19,"s:76:23:76:67":20,"b:77:6:84:Infinity:79:13:84:Infinity":3,"s:77:6:84:Infinity":21,"s:78:8:78:Infinity":22,"s:80:8:83:Infinity":23,"s:84:8:84:Infinity":24,"b:89:4:94:Infinity:undefined:undefined:undefined:undefined":4,"s:89:4:94:Infinity":25,"s:90:6:93:Infinity":26,"s:94:6:94:Infinity":27,"s:98:2:101:Infinity":28,"s:103:2:103:Infinity":29,"f:116:15:116:Infinity":4,"b:122:2:126:Infinity:undefined:undefined:undefined:undefined":5,"s:122:2:126:Infinity":30,"s:123:4:126:Infinity":31,"s:130:8:130:61":32,"s:132:15:141:14":33,"s:143:2:152:Infinity":34,"s:144:19:144:49":35,"s:145:4:145:Infinity":36,"s:147:20:147:74":37,"b:147:45:147:61:147:61:147:74":6,"s:148:4:151:Infinity":38,"s:152:4:152:Infinity":39,"f:157:15:157:Infinity":5,"b:162:2:162:Infinity:undefined:undefined:undefined:undefined":7,"s:162:2:162:Infinity":40,"s:162:28:162:Infinity":41,"s:164:23:170:14":42,"s:172:8:174:Infinity":43,"b:173:4:173:24:173:24:173:Infinity":8,"s:177:2:180:Infinity":44,"s:178:4:178:Infinity":45,"s:180:4:180:Infinity":46}}}
,"/Volumes/backup/Antigravity/Pristino/src/ecosystem/types.ts": {"path":"/Volumes/backup/Antigravity/Pristino/src/ecosystem/types.ts","statementMap":{"0":{"start":{"line":170,"column":36},"end":{"line":183,"column":2}},"1":{"start":{"line":185,"column":36},"end":{"line":190,"column":2}},"2":{"start":{"line":192,"column":40},"end":{"line":212,"column":2}},"3":{"start":{"line":214,"column":37},"end":{"line":233,"column":2}},"4":{"start":{"line":235,"column":37},"end":{"line":263,"column":2}},"5":{"start":{"line":265,"column":37},"end":{"line":270,"column":2}},"6":{"start":{"line":272,"column":31},"end":{"line":280,"column":2}},"7":{"start":{"line":282,"column":41},"end":{"line":289,"column":2}}},"fnMap":{},"branchMap":{},"s":{"0":3,"1":3,"2":3,"3":3,"4":3,"5":3,"6":3,"7":3},"f":{},"b":{},"meta":{"lastBranch":0,"lastFunction":0,"lastStatement":8,"seen":{"s:170:36:183:2":0,"s:185:36:190:2":1,"s:192:40:212:2":2,"s:214:37:233:2":3,"s:235:37:263:2":4,"s:265:37:270:2":5,"s:272:31:280:2":6,"s:282:41:289:2":7}}}
,"/Volumes/backup/Antigravity/Pristino/src/tools/delegate.ts": {"path":"/Volumes/backup/Antigravity/Pristino/src/tools/delegate.ts","statementMap":{"0":{"start":{"line":41,"column":19},"end":{"line":41,"column":46}},"1":{"start":{"line":45,"column":4},"end":{"line":45,"column":null}},"2":{"start":{"line":47,"column":4},"end":{"line":55,"column":null}},"3":{"start":{"line":63,"column":4},"end":{"line":72,"column":null}},"4":{"start":{"line":64,"column":6},"end":{"line":65,"column":null}},"5":{"start":{"line":65,"column":8},"end":{"line":65,"column":null}},"6":{"start":{"line":67,"column":6},"end":{"line":72,"column":null}},"7":{"start":{"line":74,"column":4},"end":{"line":74,"column":null}},"8":{"start":{"line":78,"column":4},"end":{"line":78,"column":null}},"9":{"start":{"line":82,"column":4},"end":{"line":82,"column":null}},"10":{"start":{"line":90,"column":24},"end":{"line":90,"column":46}},"11":{"start":{"line":97,"column":2},"end":{"line":97,"column":null}},"12":{"start":{"line":101,"column":2},"end":{"line":101,"column":null}},"13":{"start":{"line":105,"column":2},"end":{"line":105,"column":null}},"14":{"start":{"line":109,"column":17},"end":{"line":109,"column":41}},"15":{"start":{"line":110,"column":21},"end":{"line":110,"column":39}},"16":{"start":{"line":111,"column":23},"end":{"line":113,"column":15}},"17":{"start":{"line":112,"column":28},"end":{"line":112,"column":64}},"18":{"start":{"line":115,"column":2},"end":{"line":136,"column":null}}},"fnMap":{"0":{"name":"(anonymous_0)","decl":{"start":{"line":44,"column":2},"end":{"line":44,"column":14}},"loc":{"start":{"line":44,"column":39},"end":{"line":55,"column":null}},"line":44},"1":{"name":"(anonymous_1)","decl":{"start":{"line":62,"column":2},"end":{"line":62,"column":26}},"loc":{"start":{"line":62,"column":59},"end":{"line":74,"column":null}},"line":62},"2":{"name":"(anonymous_2)","decl":{"start":{"line":77,"column":2},"end":{"line":77,"column":6}},"loc":{"start":{"line":77,"column":42},"end":{"line":78,"column":null}},"line":77},"3":{"name":"(anonymous_3)","decl":{"start":{"line":81,"column":2},"end":{"line":81,"column":34}},"loc":{"start":{"line":81,"column":34},"end":{"line":82,"column":null}},"line":81},"4":{"name":"registerEcosystemAgents","decl":{"start":{"line":96,"column":16},"end":{"line":96,"column":40}},"loc":{"start":{"line":96,"column":73},"end":{"line":97,"column":null}},"line":96},"5":{"name":"getSubAgents","decl":{"start":{"line":100,"column":16},"end":{"line":100,"column":54}},"loc":{"start":{"line":100,"column":54},"end":{"line":101,"column":null}},"line":100},"6":{"name":"getSubAgent","decl":{"start":{"line":104,"column":16},"end":{"line":104,"column":28}},"loc":{"start":{"line":104,"column":64},"end":{"line":105,"column":null}},"line":104},"7":{"name":"getDelegateDefinition","decl":{"start":{"line":108,"column":16},"end":{"line":108,"column":56}},"loc":{"start":{"line":108,"column":56},"end":{"line":136,"column":null}},"line":108},"8":{"name":"(anonymous_8)","decl":{"start":{"line":112,"column":5},"end":{"line":112,"column":10}},"loc":{"start":{"line":112,"column":28},"end":{"line":112,"column":64}},"line":112}},"branchMap":{"0":{"loc":{"start":{"line":45,"column":15},"end":{"line":45,"column":null}},"type":"binary-expr","locations":[{"start":{"line":45,"column":15},"end":{"line":45,"column":33}},{"start":{"line":45,"column":33},"end":{"line":45,"column":null}}],"line":45},"1":{"loc":{"start":{"line":64,"column":6},"end":{"line":65,"column":null}},"type":"if","locations":[{"start":{"line":64,"column":6},"end":{"line":65,"column":null}},{"start":{},"end":{}}],"line":64}},"s":{"0":12,"1":12,"2":12,"3":5,"4":6,"5":1,"6":6,"7":5,"8":9,"9":13,"10":4,"11":1,"12":2,"13":4,"14":10,"15":10,"16":10,"17":10,"18":10},"f":{"0":12,"1":5,"2":9,"3":13,"4":1,"5":2,"6":4,"7":10,"8":10},"b":{"0":[12,8],"1":[1,5]},"meta":{"lastBranch":2,"lastFunction":9,"lastStatement":19,"seen":{"s:41:19:41:46":0,"f:44:2:44:14":0,"s:45:4:45:Infinity":1,"b:45:15:45:33:45:33:45:Infinity":0,"s:47:4:55:Infinity":2,"f:62:2:62:26":1,"s:63:4:72:Infinity":3,"b:64:6:65:Infinity:undefined:undefined:undefined:undefined":1,"s:64:6:65:Infinity":4,"s:65:8:65:Infinity":5,"s:67:6:72:Infinity":6,"s:74:4:74:Infinity":7,"f:77:2:77:6":2,"s:78:4:78:Infinity":8,"f:81:2:81:34":3,"s:82:4:82:Infinity":9,"s:90:24:90:46":10,"f:96:16:96:40":4,"s:97:2:97:Infinity":11,"f:100:16:100:54":5,"s:101:2:101:Infinity":12,"f:104:16:104:28":6,"s:105:2:105:Infinity":13,"f:108:16:108:56":7,"s:109:17:109:41":14,"s:110:21:110:39":15,"s:111:23:113:15":16,"f:112:5:112:10":8,"s:112:28:112:64":17,"s:115:2:136:Infinity":18}}}
,"/Volumes/backup/Antigravity/Pristino/src/tools/knowledge.ts": {"path":"/Volumes/backup/Antigravity/Pristino/src/tools/knowledge.ts","statementMap":{"0":{"start":{"line":24,"column":22},"end":{"line":24,"column":67}},"1":{"start":{"line":26,"column":26},"end":{"line":42,"column":null}},"2":{"start":{"line":45,"column":2},"end":{"line":60,"column":null}},"3":{"start":{"line":48,"column":21},"end":{"line":48,"column":68}},"4":{"start":{"line":51,"column":4},"end":{"line":52,"column":null}},"5":{"start":{"line":52,"column":6},"end":{"line":52,"column":null}},"6":{"start":{"line":55,"column":20},"end":{"line":55,"column":56}},"7":{"start":{"line":56,"column":4},"end":{"line":56,"column":null}},"8":{"start":{"line":57,"column":4},"end":{"line":57,"column":null}},"9":{"start":{"line":59,"column":4},"end":{"line":59,"column":null}},"10":{"start":{"line":60,"column":4},"end":{"line":60,"column":null}}},"fnMap":{"0":{"name":"readCoreKnowledge","decl":{"start":{"line":44,"column":22},"end":{"line":44,"column":40}},"loc":{"start":{"line":44,"column":83},"end":{"line":60,"column":null}},"line":44}},"branchMap":{"0":{"loc":{"start":{"line":51,"column":4},"end":{"line":52,"column":null}},"type":"if","locations":[{"start":{"line":51,"column":4},"end":{"line":52,"column":null}},{"start":{},"end":{}}],"line":51}},"s":{"0":3,"1":3,"2":3,"3":3,"4":3,"5":0,"6":3,"7":2,"8":2,"9":1,"10":1},"f":{"0":3},"b":{"0":[0,3]},"meta":{"lastBranch":1,"lastFunction":1,"lastStatement":11,"seen":{"s:24:22:24:67":0,"s:26:26:42:Infinity":1,"f:44:22:44:40":0,"s:45:2:60:Infinity":2,"s:48:21:48:68":3,"b:51:4:52:Infinity:undefined:undefined:undefined:undefined":0,"s:51:4:52:Infinity":4,"s:52:6:52:Infinity":5,"s:55:20:55:56":6,"s:56:4:56:Infinity":7,"s:57:4:57:Infinity":8,"s:59:4:59:Infinity":9,"s:60:4:60:Infinity":10}}}
,"/Volumes/backup/Antigravity/Pristino/src/tools/registry.ts": {"path":"/Volumes/backup/Antigravity/Pristino/src/tools/registry.ts","statementMap":{"0":{"start":{"line":43,"column":22},"end":{"line":43,"column":53}},"1":{"start":{"line":44,"column":42},"end":{"line":44,"column":44}},"2":{"start":{"line":48,"column":4},"end":{"line":48,"column":null}},"3":{"start":{"line":50,"column":4},"end":{"line":50,"column":null}},"4":{"start":{"line":51,"column":4},"end":{"line":51,"column":null}},"5":{"start":{"line":55,"column":17},"end":{"line":55,"column":null}},"6":{"start":{"line":56,"column":4},"end":{"line":56,"column":null}},"7":{"start":{"line":57,"column":4},"end":{"line":58,"column":null}},"8":{"start":{"line":57,"column":38},"end":{"line":57,"column":63}},"9":{"start":{"line":58,"column":6},"end":{"line":58,"column":null}},"10":{"start":{"line":63,"column":10},"end":{"line":63,"column":46}},"11":{"start":{"line":64,"column":4},"end":{"line":64,"column":null}},"12":{"start":{"line":68,"column":4},"end":{"line":69,"column":null}},"13":{"start":{"line":69,"column":6},"end":{"line":69,"column":null}},"14":{"start":{"line":69,"column":44},"end":{"line":69,"column":84}},"15":{"start":{"line":71,"column":4},"end":{"line":71,"column":null}},"16":{"start":{"line":75,"column":4},"end":{"line":75,"column":null}},"17":{"start":{"line":84,"column":21},"end":{"line":84,"column":45}},"18":{"start":{"line":85,"column":4},"end":{"line":87,"column":null}},"19":{"start":{"line":86,"column":6},"end":{"line":86,"column":null}},"20":{"start":{"line":87,"column":6},"end":{"line":87,"column":null}},"21":{"start":{"line":89,"column":4},"end":{"line":94,"column":null}},"22":{"start":{"line":90,"column":6},"end":{"line":90,"column":null}},"23":{"start":{"line":92,"column":22},"end":{"line":92,"column":76}},"24":{"start":{"line":93,"column":6},"end":{"line":93,"column":null}},"25":{"start":{"line":94,"column":6},"end":{"line":94,"column":null}},"26":{"start":{"line":103,"column":24},"end":{"line":103,"column":42}},"27":{"start":{"line":106,"column":2},"end":{"line":106,"column":null}},"28":{"start":{"line":110,"column":2},"end":{"line":110,"column":null}},"29":{"start":{"line":114,"column":2},"end":{"line":114,"column":null}},"30":{"start":{"line":118,"column":2},"end":{"line":118,"column":null}},"31":{"start":{"line":122,"column":2},"end":{"line":122,"column":null}}},"fnMap":{"0":{"name":"(anonymous_0)","decl":{"start":{"line":47,"column":2},"end":{"line":47,"column":14}},"loc":{"start":{"line":47,"column":39},"end":{"line":51,"column":null}},"line":47},"1":{"name":"(anonymous_1)","decl":{"start":{"line":54,"column":2},"end":{"line":54,"column":11}},"loc":{"start":{"line":54,"column":69},"end":{"line":58,"column":null}},"line":54},"2":{"name":"(anonymous_2)","decl":{"start":{"line":57,"column":26},"end":{"line":57,"column":32}},"loc":{"start":{"line":57,"column":38},"end":{"line":57,"column":63}},"line":57},"3":{"name":"(anonymous_3)","decl":{"start":{"line":62,"column":2},"end":{"line":62,"column":23}},"loc":{"start":{"line":62,"column":53},"end":{"line":64,"column":null}},"line":62},"4":{"name":"(anonymous_4)","decl":{"start":{"line":67,"column":2},"end":{"line":67,"column":20}},"loc":{"start":{"line":67,"column":63},"end":{"line":71,"column":null}},"line":67},"5":{"name":"(anonymous_5)","decl":{"start":{"line":69,"column":30},"end":{"line":69,"column":38}},"loc":{"start":{"line":69,"column":44},"end":{"line":69,"column":84}},"line":69},"6":{"name":"(anonymous_6)","decl":{"start":{"line":74,"column":2},"end":{"line":74,"column":27}},"loc":{"start":{"line":74,"column":27},"end":{"line":75,"column":null}},"line":74},"7":{"name":"(anonymous_7)","decl":{"start":{"line":83,"column":8},"end":{"line":83,"column":16}},"loc":{"start":{"line":83,"column":78},"end":{"line":94,"column":null}},"line":83},"8":{"name":"registerDelegateTool","decl":{"start":{"line":105,"column":16},"end":{"line":105,"column":37}},"loc":{"start":{"line":105,"column":67},"end":{"line":106,"column":null}},"line":105},"9":{"name":"registerTool","decl":{"start":{"line":109,"column":16},"end":{"line":109,"column":29}},"loc":{"start":{"line":109,"column":87},"end":{"line":110,"column":null}},"line":109},"10":{"name":"getAllToolDefinitions","decl":{"start":{"line":113,"column":16},"end":{"line":113,"column":38}},"loc":{"start":{"line":113,"column":81},"end":{"line":114,"column":null}},"line":113},"11":{"name":"getToolNames","decl":{"start":{"line":117,"column":16},"end":{"line":117,"column":41}},"loc":{"start":{"line":117,"column":41},"end":{"line":118,"column":null}},"line":117},"12":{"name":"executeTool","decl":{"start":{"line":121,"column":22},"end":{"line":121,"column":34}},"loc":{"start":{"line":121,"column":96},"end":{"line":122,"column":null}},"line":121}},"branchMap":{"0":{"loc":{"start":{"line":48,"column":15},"end":{"line":48,"column":null}},"type":"binary-expr","locations":[{"start":{"line":48,"column":15},"end":{"line":48,"column":33}},{"start":{"line":48,"column":33},"end":{"line":48,"column":null}}],"line":48},"1":{"loc":{"start":{"line":57,"column":4},"end":{"line":58,"column":null}},"type":"if","locations":[{"start":{"line":57,"column":4},"end":{"line":58,"column":null}},{"start":{},"end":{}}],"line":57},"2":{"loc":{"start":{"line":67,"column":20},"end":{"line":67,"column":63}},"type":"default-arg","locations":[{"start":{"line":67,"column":38},"end":{"line":67,"column":63}}],"line":67},"3":{"loc":{"start":{"line":68,"column":4},"end":{"line":69,"column":null}},"type":"if","locations":[{"start":{"line":68,"column":4},"end":{"line":69,"column":null}},{"start":{},"end":{}}],"line":68},"4":{"loc":{"start":{"line":85,"column":4},"end":{"line":87,"column":null}},"type":"if","locations":[{"start":{"line":85,"column":4},"end":{"line":87,"column":null}},{"start":{},"end":{}}],"line":85},"5":{"loc":{"start":{"line":92,"column":22},"end":{"line":92,"column":76}},"type":"cond-expr","locations":[{"start":{"line":92,"column":47},"end":{"line":92,"column":63}},{"start":{"line":92,"column":63},"end":{"line":92,"column":76}}],"line":92},"6":{"loc":{"start":{"line":113,"column":38},"end":{"line":113,"column":81}},"type":"default-arg","locations":[{"start":{"line":113,"column":56},"end":{"line":113,"column":81}}],"line":113}},"s":{"0":75,"1":75,"2":75,"3":75,"4":75,"5":168,"6":168,"7":168,"8":118,"9":166,"10":6,"11":6,"12":10,"13":3,"14":10,"15":7,"16":8,"17":8,"18":8,"19":2,"20":2,"21":6,"22":6,"23":2,"24":2,"25":2,"26":3,"27":2,"28":2,"29":4,"30":1,"31":2},"f":{"0":75,"1":168,"2":118,"3":6,"4":10,"5":10,"6":8,"7":8,"8":2,"9":2,"10":4,"11":1,"12":2},"b":{"0":[75,3],"1":[166,2],"2":[10],"3":[3,7],"4":[2,6],"5":[1,1],"6":[4]},"meta":{"lastBranch":7,"lastFunction":13,"lastStatement":32,"seen":{"s:43:22:43:53":0,"s:44:42:44:44":1,"f:47:2:47:14":0,"s:48:4:48:Infinity":2,"b:48:15:48:33:48:33:48:Infinity":0,"s:50:4:50:Infinity":3,"s:51:4:51:Infinity":4,"f:54:2:54:11":1,"s:55:17:55:Infinity":5,"s:56:4:56:Infinity":6,"b:57:4:58:Infinity:undefined:undefined:undefined:undefined":1,"s:57:4:58:Infinity":7,"f:57:26:57:32":2,"s:57:38:57:63":8,"s:58:6:58:Infinity":9,"f:62:2:62:23":3,"s:63:10:63:46":10,"s:64:4:64:Infinity":11,"f:67:2:67:20":4,"b:67:38:67:63":2,"b:68:4:69:Infinity:undefined:undefined:undefined:undefined":3,"s:68:4:69:Infinity":12,"s:69:6:69:Infinity":13,"f:69:30:69:38":5,"s:69:44:69:84":14,"s:71:4:71:Infinity":15,"f:74:2:74:27":6,"s:75:4:75:Infinity":16,"f:83:8:83:16":7,"s:84:21:84:45":17,"b:85:4:87:Infinity:undefined:undefined:undefined:undefined":4,"s:85:4:87:Infinity":18,"s:86:6:86:Infinity":19,"s:87:6:87:Infinity":20,"s:89:4:94:Infinity":21,"s:90:6:90:Infinity":22,"s:92:22:92:76":23,"b:92:47:92:63:92:63:92:76":5,"s:93:6:93:Infinity":24,"s:94:6:94:Infinity":25,"s:103:24:103:42":26,"f:105:16:105:37":8,"s:106:2:106:Infinity":27,"f:109:16:109:29":9,"s:110:2:110:Infinity":28,"f:113:16:113:38":10,"b:113:56:113:81":6,"s:114:2:114:Infinity":29,"f:117:16:117:41":11,"s:118:2:118:Infinity":30,"f:121:22:121:34":12,"s:122:2:122:Infinity":31}}}
}
